Log file open, 09/06/19 10:10:35
LogWindows: Failed to load 'aqProf.dll' (GetLastError=126)
LogWindows: File 'aqProf.dll' does not exist
LogWindows: Failed to load 'VtuneApi.dll' (GetLastError=126)
LogWindows: File 'VtuneApi.dll' does not exist
LogWindows: Failed to load 'VtuneApi32e.dll' (GetLastError=126)
LogWindows: File 'VtuneApi32e.dll' does not exist
LogConsoleResponse: Display: Failed to find resolution value strings in scalability ini. Falling back to default.
LogInit: Display: Running engine for game: Ceol
LogPakFile: Registered encryption key '00000000000000000000000000000000': 0 pak files mounted, 0 remain pending
LogPlatformFile: Not using cached read wrapper
LogTaskGraph: Started task graph with 5 named threads and 23 total threads with 3 sets of task threads.
LogStats: Stats thread started at 0.455509
LogD3D11RHI: Loaded GFSDK_Aftermath_Lib.x64.dll
LogICUInternationalization: ICU TimeZone Detection - Raw Offset: -5:00, Platform Override: ''
LogPluginManager: Mounting plugin Paper2D
LogPluginManager: Mounting plugin AISupport
LogPluginManager: Mounting plugin LightPropagationVolume
LogPluginManager: Mounting plugin ActorLayerUtilities
LogPluginManager: Mounting plugin AnimationSharing
LogPluginManager: Mounting plugin CLionSourceCodeAccess
LogPluginManager: Mounting plugin CodeLiteSourceCodeAccess
LogPluginManager: Mounting plugin GitSourceControl
LogPluginManager: Mounting plugin KDevelopSourceCodeAccess
LogPluginManager: Mounting plugin NullSourceCodeAccess
LogPluginManager: Mounting plugin PerforceSourceControl
LogPluginManager: Mounting plugin SubversionSourceControl
LogPluginManager: Mounting plugin UObjectPlugin
LogPluginManager: Mounting plugin VisualStudioCodeSourceCodeAccess
LogPluginManager: Mounting plugin VisualStudioSourceCodeAccess
LogPluginManager: Mounting plugin XCodeSourceCodeAccess
LogPluginManager: Mounting plugin AssetManagerEditor
LogPluginManager: Mounting plugin CryptoKeys
LogPluginManager: Mounting plugin DataValidation
LogPluginManager: Mounting plugin FacialAnimation
LogPluginManager: Mounting plugin GameplayTagsEditor
LogPluginManager: Mounting plugin MacGraphicsSwitching
LogPluginManager: Mounting plugin MaterialAnalyzer
LogPluginManager: Mounting plugin MobileLauncherProfileWizard
LogPluginManager: Mounting plugin PluginBrowser
LogPluginManager: Mounting plugin SpeedTreeImporter
LogPluginManager: Mounting plugin DatasmithContent
LogPluginManager: Mounting plugin VariantManagerContent
LogPluginManager: Mounting plugin AlembicImporter
LogPluginManager: Mounting plugin AppleImageUtils
LogPluginManager: Mounting plugin AppleVision
LogPluginManager: Mounting plugin BackChannel
LogPluginManager: Mounting plugin CharacterAI
LogPluginManager: Mounting plugin GeometryCache
LogPluginManager: Mounting plugin HTML5Networking
LogPluginManager: Mounting plugin ProxyLODPlugin
LogPluginManager: Mounting plugin SkeletalReduction
LogPluginManager: Mounting plugin MagicLeap
LogPluginManager: Mounting plugin MagicLeapMedia
LogPluginManager: Mounting plugin AndroidMedia
LogPluginManager: Mounting plugin AvfMedia
LogPluginManager: Mounting plugin ImgMedia
LogPluginManager: Mounting plugin LinearTimecode
LogPluginManager: Mounting plugin MediaCompositing
LogPluginManager: Mounting plugin MediaPlayerEditor
LogPluginManager: Mounting plugin WebMMedia
LogPluginManager: Mounting plugin WmfMedia
LogPluginManager: Mounting plugin TcpMessaging
LogPluginManager: Mounting plugin UdpMessaging
LogPluginManager: Mounting plugin ActorSequence
LogPluginManager: Mounting plugin LevelSequenceEditor
LogPluginManager: Mounting plugin MatineeToLevelSequence
LogPluginManager: Mounting plugin NetcodeUnitTest
LogPluginManager: Mounting plugin NUTUnrealEngine4
LogPluginManager: Mounting plugin OnlineSubsystemGooglePlay
LogPluginManager: Mounting plugin OnlineSubsystemIOS
LogPluginManager: Mounting plugin OnlineSubsystem
LogPluginManager: Mounting plugin OnlineSubsystemNull
LogPluginManager: Mounting plugin OnlineSubsystemUtils
LogPluginManager: Mounting plugin LauncherChunkInstaller
LogPluginManager: Mounting plugin AndroidDeviceProfileSelector
LogPluginManager: Mounting plugin AndroidMoviePlayer
LogPluginManager: Mounting plugin AndroidPermission
LogPluginManager: Mounting plugin AppleMoviePlayer
LogPluginManager: Mounting plugin ArchVisCharacter
LogPluginManager: Mounting plugin AudioCapture
LogPluginManager: Mounting plugin CableComponent
LogPluginManager: Mounting plugin CustomMeshComponent
LogPluginManager: Mounting plugin EditableMesh
LogPluginManager: Mounting plugin ExampleDeviceProfileSelector
LogPluginManager: Mounting plugin Firebase
LogPluginManager: Mounting plugin GoogleCloudMessaging
LogPluginManager: Mounting plugin IOSDeviceProfileSelector
LogPluginManager: Mounting plugin LinuxDeviceProfileSelector
LogPluginManager: Mounting plugin LocationServicesBPLibrary
LogPluginManager: Mounting plugin MobilePatchingUtils
LogPluginManager: Mounting plugin OculusVR
LogPluginManager: Mounting plugin PhysXVehicles
LogPluginManager: Mounting plugin ProceduralMeshComponent
LogPluginManager: Mounting plugin RuntimePhysXCooking
LogPluginManager: Mounting plugin SignificanceManager
LogPluginManager: Mounting plugin SteamVR
LogPluginManager: Mounting plugin WebMMoviePlayer
LogPluginManager: Mounting plugin WindowsMoviePlayer
LogInit: Using libcurl 7.55.1-DEV
LogInit:  - built for x86_64-pc-win32
LogInit:  - supports SSL with OpenSSL/1.1.1
LogInit:  - supports HTTP deflate (compression) using libz 1.2.8
LogInit:  - other features:
LogInit:      CURL_VERSION_SSL
LogInit:      CURL_VERSION_LIBZ
LogInit:      CURL_VERSION_IPV6
LogInit:      CURL_VERSION_ASYNCHDNS
LogInit:      CURL_VERSION_LARGEFILE
LogInit:      CURL_VERSION_IDN
LogInit:  CurlRequestOptions (configurable via config and command line):
LogInit:  - bVerifyPeer = true  - Libcurl will verify peer certificate
LogInit:  - bUseHttpProxy = false  - Libcurl will NOT use HTTP proxy
LogInit:  - bDontReuseConnections = false  - Libcurl will reuse connections
LogInit:  - MaxHostConnections = 16  - Libcurl will limit the number of connections to a host
LogInit:  - LocalHostAddr = Default
LogInit:  - BufferSize = 65536
LogInit: WinSock: version 1.1 (2.2), MaxSocks=32767, MaxUdp=65467
LogInit: Build: ++UE4+Release-4.22-CL-7053642
LogInit: Engine Version: 4.22.3-7053642+++UE4+Release-4.22
LogInit: Compatible Engine Version: 4.22.0-5660361+++UE4+Release-4.22
LogInit: Net CL: 5660361
LogInit: OS: Windows 10 (Release 1709) (), CPU: Intel(R) Core(TM) i7-7700 CPU @ 3.60GHz, GPU: NVIDIA GeForce GTX 1070
LogInit: Compiled (64-bit): Jun 18 2019 03:09:11
LogInit: Compiled with Visual C++: 19.16.27025.01
LogInit: Build Configuration: Development
LogInit: Branch Name: ++UE4+Release-4.22
LogInit: Command Line: 
LogInit: Base Directory: D:/Program Files/Epic Games/UE_4.22/Engine/Binaries/Win64/
LogInit: Installed Engine Build: 1
LogDevObjectVersion: Number of dev versions registered: 23
LogDevObjectVersion:   Dev-Blueprints (B0D832E4-1F89-4F0D-ACCF-7EB736FD4AA2): 10
LogDevObjectVersion:   Dev-Build (E1C64328-A22C-4D53-A36C-8E866417BD8C): 0
LogDevObjectVersion:   Dev-Core (375EC13C-06E4-48FB-B500-84F0262A717E): 3
LogDevObjectVersion:   Dev-Editor (E4B068ED-F494-42E9-A231-DA0B2E46BB41): 30
LogDevObjectVersion:   Dev-Framework (CFFC743F-43B0-4480-9391-14DF171D2073): 35
LogDevObjectVersion:   Dev-Mobile (B02B49B5-BB20-44E9-A304-32B752E40360): 2
LogDevObjectVersion:   Dev-Networking (A4E4105C-59A1-49B5-A7C5-40C4547EDFEE): 0
LogDevObjectVersion:   Dev-Online (39C831C9-5AE6-47DC-9A44-9C173E1C8E7C): 0
LogDevObjectVersion:   Dev-Physics (78F01B33-EBEA-4F98-B9B4-84EACCB95AA2): 0
LogDevObjectVersion:   Dev-Platform (6631380F-2D4D-43E0-8009-CF276956A95A): 0
LogDevObjectVersion:   Dev-Rendering (12F88B9F-8875-4AFC-A67C-D90C383ABD29): 28
LogDevObjectVersion:   Dev-Sequencer (7B5AE74C-D270-4C10-A958-57980B212A5A): 11
LogDevObjectVersion:   Dev-VR (D7296918-1DD6-4BDD-9DE2-64A83CC13884): 2
LogDevObjectVersion:   Dev-LoadTimes (C2A15278-BFE7-4AFE-6C17-90FF531DF755): 1
LogDevObjectVersion:   Private-Geometry (6EACA3D4-40EC-4CC1-B786-8BED09428FC5): 3
LogDevObjectVersion:   Dev-AnimPhys (29E575DD-E0A3-4627-9D10-D276232CDCEA): 17
LogDevObjectVersion:   Dev-Anim (AF43A65D-7FD3-4947-9873-3E8ED9C1BB05): 2
LogDevObjectVersion:   Dev-ReflectionCapture (6B266CEC-1EC7-4B8F-A30B-E4D90942FC07): 1
LogDevObjectVersion:   Dev-Automation (0DF73D61-A23F-47EA-B727-89E90C41499A): 1
LogDevObjectVersion:   FortniteMain (601D1886-AC64-4F84-AA16-D3DE0DEAC7D6): 25
LogDevObjectVersion:   Dev-Enterprise (9DFFBCD6-494F-0158-E221-12823C92A888): 6
LogDevObjectVersion:   Dev-Niagara (F2AED0AC-9AFE-416F-8664-AA7FFA26D6FC): 1
LogDevObjectVersion:   Dev-Destruction (174F1F0B-B4C6-45A5-B13F-2EE8D0FB917D): 2
LogInit: Presizing for max 16777216 objects, including 0 objects not considered by GC, pre-allocating 0 bytes for permanent pool.
LogInit: Object subsystem initialized
LogConfig: Setting CVar [[con.DebugEarlyDefault:1]]
LogConfig: Setting CVar [[r.setres:1280x720]]
[2019.09.06-14.10.37:526][  0]LogConfig: Setting CVar [[r.VSync:0]]
[2019.09.06-14.10.37:526][  0]LogConfig: Setting CVar [[r.RHICmdBypass:0]]
[2019.09.06-14.10.37:526][  0]LogConfig: Applying CVar settings from Section [/Script/Engine.RendererSettings] File [D:/D drive for Heagney/2019-SP/GAM4492/APK/HEAGNEY_PLZ_LOOK_AT/APK_Test/Ceol_02/Saved/Config/Windows/Engine.ini]
[2019.09.06-14.10.37:526][  0]LogConfig: Setting CVar [[r.GPUCrashDebugging:0]]
[2019.09.06-14.10.37:526][  0]LogConfig: Setting CVar [[r.MobileHDR:1]]
[2019.09.06-14.10.37:526][  0]LogConfig: Setting CVar [[r.Mobile.DisableVertexFog:1]]
[2019.09.06-14.10.37:526][  0]LogConfig: Setting CVar [[r.Shadow.CSM.MaxMobileCascades:2]]
[2019.09.06-14.10.37:526][  0]LogConfig: Setting CVar [[r.MobileMSAA:1]]
[2019.09.06-14.10.37:526][  0]LogConfig: Setting CVar [[r.Mobile.UseLegacyShadingModel:0]]
[2019.09.06-14.10.37:526][  0]LogConfig: Setting CVar [[r.DiscardUnusedQuality:0]]
[2019.09.06-14.10.37:526][  0]LogConfig: Setting CVar [[r.AllowOcclusionQueries:1]]
[2019.09.06-14.10.37:526][  0]LogConfig: Setting CVar [[r.MinScreenRadiusForLights:0.030000]]
[2019.09.06-14.10.37:526][  0]LogConfig: Setting CVar [[r.MinScreenRadiusForDepthPrepass:0.030000]]
[2019.09.06-14.10.37:526][  0]LogConfig: Setting CVar [[r.MinScreenRadiusForCSMDepth:0.010000]]
[2019.09.06-14.10.37:526][  0]LogConfig: Setting CVar [[r.PrecomputedVisibilityWarning:0]]
[2019.09.06-14.10.37:526][  0]LogConfig: Setting CVar [[r.TextureStreaming:0]]
[2019.09.06-14.10.37:526][  0]LogConfig: Setting CVar [[Compat.UseDXT5NormalMaps:0]]
[2019.09.06-14.10.37:526][  0]LogConfig: Setting CVar [[r.ClearCoatNormal:0]]
[2019.09.06-14.10.37:526][  0]LogConfig: Setting CVar [[r.ReflectionCaptureResolution:128]]
[2019.09.06-14.10.37:526][  0]LogConfig: Setting CVar [[r.ReflectionEnvironmentLightmapMixBasedOnRoughness:1]]
[2019.09.06-14.10.37:526][  0]LogConfig: Setting CVar [[r.ForwardShading:0]]
[2019.09.06-14.10.37:526][  0]LogConfig: Setting CVar [[r.VertexFoggingForOpaque:1]]
[2019.09.06-14.10.37:526][  0]LogConfig: Setting CVar [[r.AllowStaticLighting:1]]
[2019.09.06-14.10.37:526][  0]LogConfig: Setting CVar [[r.NormalMapsForStaticLighting:0]]
[2019.09.06-14.10.37:526][  0]LogConfig: Setting CVar [[r.GenerateMeshDistanceFields:0]]
[2019.09.06-14.10.37:526][  0]LogConfig: Setting CVar [[r.DistanceFieldBuild.EightBit:0]]
[2019.09.06-14.10.37:526][  0]LogConfig: Setting CVar [[r.GenerateLandscapeGIData:0]]
[2019.09.06-14.10.37:526][  0]LogConfig: Setting CVar [[r.DistanceFieldBuild.Compress:0]]
[2019.09.06-14.10.37:526][  0]LogConfig: Setting CVar [[r.TessellationAdaptivePixelsPerTriangle:48.000000]]
[2019.09.06-14.10.37:526][  0]LogConfig: Setting CVar [[r.SeparateTranslucency:0]]
[2019.09.06-14.10.37:526][  0]LogConfig: Setting CVar [[r.TranslucentSortPolicy:0]]
[2019.09.06-14.10.37:526][  0]LogConfig: Setting CVar [[r.CustomDepth:1]]
[2019.09.06-14.10.37:526][  0]LogConfig: Setting CVar [[r.CustomDepthTemporalAAJitter:1]]
[2019.09.06-14.10.37:526][  0]LogConfig: Setting CVar [[r.PostProcessing.PropagateAlpha:0]]
[2019.09.06-14.10.37:526][  0]LogConfig: Setting CVar [[r.DOF.Algorithm:1]]
[2019.09.06-14.10.37:526][  0]LogConfig: Setting CVar [[r.UsePreExposure:0]]
[2019.09.06-14.10.37:526][  0]LogConfig: Setting CVar [[r.DefaultFeature.Bloom:1]]
[2019.09.06-14.10.37:526][  0]LogConfig: Setting CVar [[r.DefaultFeature.AmbientOcclusion:0]]
[2019.09.06-14.10.37:526][  0]LogConfig: Setting CVar [[r.DefaultFeature.AmbientOcclusionStaticFraction:1]]
[2019.09.06-14.10.37:526][  0]LogConfig: Setting CVar [[r.DefaultFeature.AutoExposure:0]]
[2019.09.06-14.10.37:526][  0]LogConfig: Setting CVar [[r.DefaultFeature.AutoExposure.Method:0]]
[2019.09.06-14.10.37:526][  0]LogConfig: Setting CVar [[r.DefaultFeature.MotionBlur:0]]
[2019.09.06-14.10.37:526][  0]LogConfig: Setting CVar [[r.DefaultFeature.LensFlare:0]]
[2019.09.06-14.10.37:526][  0]LogConfig: Setting CVar [[r.TemporalAA.Upsampling:0]]
[2019.09.06-14.10.37:526][  0]LogConfig: Setting CVar [[r.DefaultFeature.AntiAliasing:0]]
[2019.09.06-14.10.37:526][  0]LogConfig: Setting CVar [[r.DefaultBackBufferPixelFormat:4]]
[2019.09.06-14.10.37:526][  0]LogConfig: Setting CVar [[r.Shadow.UnbuiltPreviewInGame:1]]
[2019.09.06-14.10.37:526][  0]LogConfig: Setting CVar [[r.StencilForLODDither:0]]
[2019.09.06-14.10.37:526][  0]LogConfig: Setting CVar [[r.EarlyZPass:3]]
[2019.09.06-14.10.37:526][  0]LogConfig: Setting CVar [[r.EarlyZPassOnlyMaterialMasking:0]]
[2019.09.06-14.10.37:526][  0]LogConfig: Setting CVar [[r.DBuffer:1]]
[2019.09.06-14.10.37:526][  0]LogConfig: Setting CVar [[r.ClearSceneMethod:1]]
[2019.09.06-14.10.37:526][  0]LogConfig: Setting CVar [[r.BasePassOutputsVelocity:0]]
[2019.09.06-14.10.37:526][  0]LogConfig: Setting CVar [[r.SelectiveBasePassOutputs:0]]
[2019.09.06-14.10.37:526][  0]LogConfig: Setting CVar [[fx.GPUSimulationTextureSizeX:1024]]
[2019.09.06-14.10.37:526][  0]LogConfig: Setting CVar [[fx.GPUSimulationTextureSizeY:1024]]
[2019.09.06-14.10.37:526][  0]LogConfig: Setting CVar [[r.AllowGlobalClipPlane:0]]
[2019.09.06-14.10.37:527][  0]LogConfig: Setting CVar [[r.GBufferFormat:1]]
[2019.09.06-14.10.37:527][  0]LogConfig: Setting CVar [[r.MorphTarget.Mode:1]]
[2019.09.06-14.10.37:527][  0]LogConfig: Setting CVar [[vr.InstancedStereo:0]]
[2019.09.06-14.10.37:527][  0]LogConfig: Setting CVar [[vr.MultiView:0]]
[2019.09.06-14.10.37:527][  0]LogConfig: Setting CVar [[vr.MobileMultiView:0]]
[2019.09.06-14.10.37:527][  0]LogConfig: Setting CVar [[vr.MobileMultiView.Direct:0]]
[2019.09.06-14.10.37:527][  0]LogConfig: Setting CVar [[vr.ODSCapture:0]]
[2019.09.06-14.10.37:527][  0]LogConfig: Setting CVar [[r.WireframeCullThreshold:5.000000]]
[2019.09.06-14.10.37:527][  0]LogConfig: Setting CVar [[r.SupportStationarySkylight:1]]
[2019.09.06-14.10.37:527][  0]LogConfig: Setting CVar [[r.SupportLowQualityLightmaps:1]]
[2019.09.06-14.10.37:527][  0]LogConfig: Setting CVar [[r.SupportPointLightWholeSceneShadows:1]]
[2019.09.06-14.10.37:527][  0]LogConfig: Setting CVar [[r.SupportAtmosphericFog:1]]
[2019.09.06-14.10.37:527][  0]LogConfig: Setting CVar [[r.SkinCache.CompileShaders:0]]
[2019.09.06-14.10.37:527][  0]LogConfig: Setting CVar [[r.Mobile.EnableStaticAndCSMShadowReceivers:1]]
[2019.09.06-14.10.37:527][  0]LogConfig: Setting CVar [[r.Mobile.EnableMovableLightCSMShaderCulling:1]]
[2019.09.06-14.10.37:527][  0]LogConfig: Setting CVar [[r.Mobile.AllowDistanceFieldShadows:1]]
[2019.09.06-14.10.37:527][  0]LogConfig: Setting CVar [[r.Mobile.AllowMovableDirectionalLights:1]]
[2019.09.06-14.10.37:527][  0]LogConfig: Setting CVar [[r.MobileNumDynamicPointLights:4]]
[2019.09.06-14.10.37:527][  0]LogConfig: Setting CVar [[r.MobileDynamicPointLightsUseStaticBranch:1]]
[2019.09.06-14.10.37:527][  0]LogConfig: Setting CVar [[r.SkinCache.SceneMemoryLimitInMB:128.000000]]
[2019.09.06-14.10.37:527][  0]LogConfig: Setting CVar [[r.GPUSkin.Limit2BoneInfluences:0]]
[2019.09.06-14.10.37:527][  0]LogConfig: Setting CVar [[r.SupportDepthOnlyIndexBuffers:1]]
[2019.09.06-14.10.37:527][  0]LogConfig: Setting CVar [[r.SupportReversedIndexBuffers:1]]
[2019.09.06-14.10.37:527][  0]LogConfig: Setting CVar [[r.SupportMaterialLayers:0]]
[2019.09.06-14.10.37:527][  0]LogConfig: Applying CVar settings from Section [/Script/Engine.RendererOverrideSettings] File [D:/D drive for Heagney/2019-SP/GAM4492/APK/HEAGNEY_PLZ_LOOK_AT/APK_Test/Ceol_02/Saved/Config/Windows/Engine.ini]
[2019.09.06-14.10.37:527][  0]LogConfig: Applying CVar settings from Section [/Script/Engine.StreamingSettings] File [D:/D drive for Heagney/2019-SP/GAM4492/APK/HEAGNEY_PLZ_LOOK_AT/APK_Test/Ceol_02/Saved/Config/Windows/Engine.ini]
[2019.09.06-14.10.37:527][  0]LogConfig: Setting CVar [[s.MinBulkDataSizeForAsyncLoading:131072]]
[2019.09.06-14.10.37:527][  0]LogConfig: Setting CVar [[s.AsyncLoadingThreadEnabled:0]]
[2019.09.06-14.10.37:527][  0]LogConfig: Setting CVar [[s.EventDrivenLoaderEnabled:1]]
[2019.09.06-14.10.37:527][  0]LogConfig: Setting CVar [[s.WarnIfTimeLimitExceeded:0]]
[2019.09.06-14.10.37:527][  0]LogConfig: Setting CVar [[s.TimeLimitExceededMultiplier:1.5]]
[2019.09.06-14.10.37:527][  0]LogConfig: Setting CVar [[s.TimeLimitExceededMinTime:0.005]]
[2019.09.06-14.10.37:527][  0]LogConfig: Setting CVar [[s.UseBackgroundLevelStreaming:1]]
[2019.09.06-14.10.37:527][  0]LogConfig: Setting CVar [[s.PriorityAsyncLoadingExtraTime:15.0]]
[2019.09.06-14.10.37:527][  0]LogConfig: Setting CVar [[s.LevelStreamingActorsUpdateTimeLimit:5.0]]
[2019.09.06-14.10.37:527][  0]LogConfig: Setting CVar [[s.PriorityLevelStreamingActorsUpdateExtraTime:5.0]]
[2019.09.06-14.10.37:527][  0]LogConfig: Setting CVar [[s.LevelStreamingComponentsRegistrationGranularity:10]]
[2019.09.06-14.10.37:527][  0]LogConfig: Setting CVar [[s.UnregisterComponentsTimeLimit:1.0]]
[2019.09.06-14.10.37:527][  0]LogConfig: Setting CVar [[s.LevelStreamingComponentsUnregistrationGranularity:5]]
[2019.09.06-14.10.37:527][  0]LogConfig: Applying CVar settings from Section [/Script/Engine.GarbageCollectionSettings] File [D:/D drive for Heagney/2019-SP/GAM4492/APK/HEAGNEY_PLZ_LOOK_AT/APK_Test/Ceol_02/Saved/Config/Windows/Engine.ini]
[2019.09.06-14.10.37:527][  0]LogConfig: Setting CVar [[gc.MaxObjectsNotConsideredByGC:1]]
[2019.09.06-14.10.37:527][  0]LogConfig: Setting CVar [[gc.SizeOfPermanentObjectPool:0]]
[2019.09.06-14.10.37:527][  0]LogConfig: Setting CVar [[gc.FlushStreamingOnGC:0]]
[2019.09.06-14.10.37:527][  0]LogConfig: Setting CVar [[gc.NumRetriesBeforeForcingGC:10]]
[2019.09.06-14.10.37:527][  0]LogConfig: Setting CVar [[gc.AllowParallelGC:1]]
[2019.09.06-14.10.37:527][  0]LogConfig: Setting CVar [[gc.TimeBetweenPurgingPendingKillObjects:61.1]]
[2019.09.06-14.10.37:527][  0]LogConfig: Setting CVar [[gc.MaxObjectsInEditor:16777216]]
[2019.09.06-14.10.37:527][  0]LogConfig: Setting CVar [[gc.IncrementalBeginDestroyEnabled:1]]
[2019.09.06-14.10.37:527][  0]LogConfig: Setting CVar [[gc.CreateGCClusters:1]]
[2019.09.06-14.10.37:527][  0]LogConfig: Setting CVar [[gc.MinGCClusterSize:5]]
[2019.09.06-14.10.37:527][  0]LogConfig: Setting CVar [[gc.ActorClusteringEnabled:0]]
[2019.09.06-14.10.37:527][  0]LogConfig: Setting CVar [[gc.BlueprintClusteringEnabled:0]]
[2019.09.06-14.10.37:527][  0]LogConfig: Setting CVar [[gc.UseDisregardForGCOnDedicatedServers:0]]
[2019.09.06-14.10.37:527][  0]LogConfig: Applying CVar settings from Section [/Script/Engine.NetworkSettings] File [D:/D drive for Heagney/2019-SP/GAM4492/APK/HEAGNEY_PLZ_LOOK_AT/APK_Test/Ceol_02/Saved/Config/Windows/Engine.ini]
[2019.09.06-14.10.37:527][  0]LogConfig: Applying CVar settings from Section [/Script/UnrealEd.CookerSettings] File [D:/D drive for Heagney/2019-SP/GAM4492/APK/HEAGNEY_PLZ_LOOK_AT/APK_Test/Ceol_02/Saved/Config/Windows/Engine.ini]
[2019.09.06-14.10.37:531][  0]LogConfig: Applying CVar settings from Section [ViewDistanceQuality@3] File [D:/D drive for Heagney/2019-SP/GAM4492/APK/HEAGNEY_PLZ_LOOK_AT/APK_Test/Ceol_02/Saved/Config/Windows/Scalability.ini]
[2019.09.06-14.10.37:531][  0]LogConfig: Setting CVar [[r.SkeletalMeshLODBias:0]]
[2019.09.06-14.10.37:531][  0]LogConfig: Setting CVar [[r.ViewDistanceScale:1.0]]
[2019.09.06-14.10.37:531][  0]LogConfig: Applying CVar settings from Section [AntiAliasingQuality@3] File [D:/D drive for Heagney/2019-SP/GAM4492/APK/HEAGNEY_PLZ_LOOK_AT/APK_Test/Ceol_02/Saved/Config/Windows/Scalability.ini]
[2019.09.06-14.10.37:531][  0]LogConfig: Setting CVar [[r.PostProcessAAQuality:4]]
[2019.09.06-14.10.37:531][  0]LogConfig: Applying CVar settings from Section [ShadowQuality@3] File [D:/D drive for Heagney/2019-SP/GAM4492/APK/HEAGNEY_PLZ_LOOK_AT/APK_Test/Ceol_02/Saved/Config/Windows/Scalability.ini]
[2019.09.06-14.10.37:531][  0]LogConfig: Setting CVar [[r.LightFunctionQuality:1]]
[2019.09.06-14.10.37:531][  0]LogConfig: Setting CVar [[r.ShadowQuality:5]]
[2019.09.06-14.10.37:531][  0]LogConfig: Setting CVar [[r.Shadow.CSM.MaxCascades:10]]
[2019.09.06-14.10.37:531][  0]LogConfig: Setting CVar [[r.Shadow.MaxResolution:2048]]
[2019.09.06-14.10.37:531][  0]LogConfig: Setting CVar [[r.Shadow.MaxCSMResolution:2048]]
[2019.09.06-14.10.37:531][  0]LogConfig: Setting CVar [[r.Shadow.RadiusThreshold:0.01]]
[2019.09.06-14.10.37:531][  0]LogConfig: Setting CVar [[r.Shadow.DistanceScale:1.0]]
[2019.09.06-14.10.37:531][  0]LogConfig: Setting CVar [[r.Shadow.CSM.TransitionScale:1.0]]
[2019.09.06-14.10.37:531][  0]LogConfig: Setting CVar [[r.Shadow.PreShadowResolutionFactor:1.0]]
[2019.09.06-14.10.37:531][  0]LogConfig: Setting CVar [[r.DistanceFieldShadowing:1]]
[2019.09.06-14.10.37:531][  0]LogConfig: Setting CVar [[r.DistanceFieldAO:1]]
[2019.09.06-14.10.37:531][  0]LogConfig: Setting CVar [[r.AOQuality:2]]
[2019.09.06-14.10.37:531][  0]LogConfig: Setting CVar [[r.VolumetricFog:1]]
[2019.09.06-14.10.37:531][  0]LogConfig: Setting CVar [[r.VolumetricFog.GridPixelSize:8]]
[2019.09.06-14.10.37:531][  0]LogConfig: Setting CVar [[r.VolumetricFog.GridSizeZ:128]]
[2019.09.06-14.10.37:531][  0]LogConfig: Setting CVar [[r.VolumetricFog.HistoryMissSupersampleCount:4]]
[2019.09.06-14.10.37:531][  0]LogConfig: Setting CVar [[r.LightMaxDrawDistanceScale:1]]
[2019.09.06-14.10.37:531][  0]LogConfig: Setting CVar [[r.CapsuleShadows:1]]
[2019.09.06-14.10.37:531][  0]LogConfig: Applying CVar settings from Section [PostProcessQuality@3] File [D:/D drive for Heagney/2019-SP/GAM4492/APK/HEAGNEY_PLZ_LOOK_AT/APK_Test/Ceol_02/Saved/Config/Windows/Scalability.ini]
[2019.09.06-14.10.37:531][  0]LogConfig: Setting CVar [[r.MotionBlurQuality:4]]
[2019.09.06-14.10.37:531][  0]LogConfig: Setting CVar [[r.AmbientOcclusionMipLevelFactor:0.4]]
[2019.09.06-14.10.37:531][  0]LogConfig: Setting CVar [[r.AmbientOcclusionMaxQuality:100]]
[2019.09.06-14.10.37:531][  0]LogConfig: Setting CVar [[r.AmbientOcclusionLevels:-1]]
[2019.09.06-14.10.37:531][  0]LogConfig: Setting CVar [[r.AmbientOcclusionRadiusScale:1.0]]
[2019.09.06-14.10.37:531][  0]LogConfig: Setting CVar [[r.DepthOfFieldQuality:2]]
[2019.09.06-14.10.37:531][  0]LogConfig: Setting CVar [[r.RenderTargetPoolMin:400]]
[2019.09.06-14.10.37:531][  0]LogConfig: Setting CVar [[r.LensFlareQuality:2]]
[2019.09.06-14.10.37:531][  0]LogConfig: Setting CVar [[r.SceneColorFringeQuality:1]]
[2019.09.06-14.10.37:531][  0]LogConfig: Setting CVar [[r.EyeAdaptationQuality:2]]
[2019.09.06-14.10.37:531][  0]LogConfig: Setting CVar [[r.BloomQuality:5]]
[2019.09.06-14.10.37:531][  0]LogConfig: Setting CVar [[r.FastBlurThreshold:100]]
[2019.09.06-14.10.37:531][  0]LogConfig: Setting CVar [[r.Upscale.Quality:3]]
[2019.09.06-14.10.37:531][  0]LogConfig: Setting CVar [[r.Tonemapper.GrainQuantization:1]]
[2019.09.06-14.10.37:531][  0]LogConfig: Setting CVar [[r.LightShaftQuality:1]]
[2019.09.06-14.10.37:531][  0]LogConfig: Setting CVar [[r.Filter.SizeScale:1]]
[2019.09.06-14.10.37:531][  0]LogConfig: Setting CVar [[r.Tonemapper.Quality:5]]
[2019.09.06-14.10.37:531][  0]LogConfig: Setting CVar [[r.DOF.Gather.AccumulatorQuality:1        ; higher gathering accumulator quality]]
[2019.09.06-14.10.37:531][  0]LogConfig: Setting CVar [[r.DOF.Gather.PostfilterMethod:1          ; Median3x3 postfilering method]]
[2019.09.06-14.10.37:531][  0]LogConfig: Setting CVar [[r.DOF.Gather.EnableBokehSettings:0       ; no bokeh simulation when gathering]]
[2019.09.06-14.10.37:531][  0]LogConfig: Setting CVar [[r.DOF.Gather.RingCount:4                 ; medium number of samples when gathering]]
[2019.09.06-14.10.37:531][  0]LogConfig: Setting CVar [[r.DOF.Scatter.ForegroundCompositing:1    ; additive foreground scattering]]
[2019.09.06-14.10.37:531][  0]LogConfig: Setting CVar [[r.DOF.Scatter.BackgroundCompositing:2    ; additive background scattering]]
[2019.09.06-14.10.37:531][  0]LogConfig: Setting CVar [[r.DOF.Scatter.EnableBokehSettings:1      ; bokeh simulation when scattering]]
[2019.09.06-14.10.37:531][  0]LogConfig: Setting CVar [[r.DOF.Scatter.MaxSpriteRatio:0.1         ; only a maximum of 10% of scattered bokeh]]
[2019.09.06-14.10.37:531][  0]LogConfig: Setting CVar [[r.DOF.Recombine.Quality:1                ; cheap slight out of focus]]
[2019.09.06-14.10.37:531][  0]LogConfig: Setting CVar [[r.DOF.Recombine.EnableBokehSettings:0    ; no bokeh simulation on slight out of focus]]
[2019.09.06-14.10.37:531][  0]LogConfig: Setting CVar [[r.DOF.TemporalAAQuality:1                ; more stable temporal accumulation]]
[2019.09.06-14.10.37:531][  0]LogConfig: Setting CVar [[r.DOF.Kernel.MaxForegroundRadius:0.025]]
[2019.09.06-14.10.37:531][  0]LogConfig: Setting CVar [[r.DOF.Kernel.MaxBackgroundRadius:0.025]]
[2019.09.06-14.10.37:531][  0]LogConfig: Applying CVar settings from Section [TextureQuality@3] File [D:/D drive for Heagney/2019-SP/GAM4492/APK/HEAGNEY_PLZ_LOOK_AT/APK_Test/Ceol_02/Saved/Config/Windows/Scalability.ini]
[2019.09.06-14.10.37:531][  0]LogConfig: Setting CVar [[r.Streaming.MipBias:0]]
[2019.09.06-14.10.37:531][  0]LogConfig: Setting CVar [[r.Streaming.AmortizeCPUToGPUCopy:0]]
[2019.09.06-14.10.37:531][  0]LogConfig: Setting CVar [[r.Streaming.MaxNumTexturesToStreamPerFrame:0]]
[2019.09.06-14.10.37:531][  0]LogConfig: Setting CVar [[r.Streaming.Boost:1]]
[2019.09.06-14.10.37:531][  0]LogConfig: Setting CVar [[r.MaxAnisotropy:8]]
[2019.09.06-14.10.37:531][  0]LogConfig: Setting CVar [[r.Streaming.LimitPoolSizeToVRAM:0]]
[2019.09.06-14.10.37:531][  0]LogConfig: Setting CVar [[r.Streaming.PoolSize:1000]]
[2019.09.06-14.10.37:531][  0]LogConfig: Setting CVar [[r.Streaming.MaxEffectiveScreenSize:0]]
[2019.09.06-14.10.37:531][  0]LogConfig: Applying CVar settings from Section [EffectsQuality@3] File [D:/D drive for Heagney/2019-SP/GAM4492/APK/HEAGNEY_PLZ_LOOK_AT/APK_Test/Ceol_02/Saved/Config/Windows/Scalability.ini]
[2019.09.06-14.10.37:531][  0]LogConfig: Setting CVar [[r.TranslucencyLightingVolumeDim:64]]
[2019.09.06-14.10.37:531][  0]LogConfig: Setting CVar [[r.RefractionQuality:2]]
[2019.09.06-14.10.37:531][  0]LogConfig: Setting CVar [[r.SSR.Quality:3]]
[2019.09.06-14.10.37:531][  0]LogConfig: Setting CVar [[r.SceneColorFormat:4]]
[2019.09.06-14.10.37:531][  0]LogConfig: Setting CVar [[r.DetailMode:2]]
[2019.09.06-14.10.37:531][  0]LogConfig: Setting CVar [[r.TranslucencyVolumeBlur:1]]
[2019.09.06-14.10.37:531][  0]LogConfig: Setting CVar [[r.MaterialQualityLevel:1 ; High quality]]
[2019.09.06-14.10.37:531][  0]LogConfig: Setting CVar [[r.SSS.Scale:1]]
[2019.09.06-14.10.37:531][  0]LogConfig: Setting CVar [[r.SSS.SampleSet:2]]
[2019.09.06-14.10.37:531][  0]LogConfig: Setting CVar [[r.SSS.Quality:1]]
[2019.09.06-14.10.37:531][  0]LogConfig: Setting CVar [[r.SSS.HalfRes:1]]
[2019.09.06-14.10.37:531][  0]LogConfig: Setting CVar [[r.EmitterSpawnRateScale:1.0]]
[2019.09.06-14.10.37:531][  0]LogConfig: Setting CVar [[r.ParticleLightQuality:2]]
[2019.09.06-14.10.37:531][  0]LogConfig: Applying CVar settings from Section [FoliageQuality@3] File [D:/D drive for Heagney/2019-SP/GAM4492/APK/HEAGNEY_PLZ_LOOK_AT/APK_Test/Ceol_02/Saved/Config/Windows/Scalability.ini]
[2019.09.06-14.10.37:531][  0]LogConfig: Setting CVar [[foliage.DensityScale:1.0]]
[2019.09.06-14.10.37:531][  0]LogConfig: Setting CVar [[grass.DensityScale:1.0]]
[2019.09.06-14.10.37:531][  0]LogInit: Selected Device Profile: [Windows]
[2019.09.06-14.10.37:531][  0]LogInit: Applying CVar settings loaded from the selected device profile: [Windows]
[2019.09.06-14.10.37:568][  0]LogHAL: Display: Platform has ~ 32 GB [34304913408 / 34359738368 / 32], which maps to Largest [LargestMinGB=32, LargerMinGB=12, DefaultMinGB=8, SmallerMinGB=6, SmallestMinGB=0)
[2019.09.06-14.10.37:568][  0]LogConfig: Setting CVar [[r.Vulkan.UseRealUBs:0		; Required until we fix HLR fall-out]]
[2019.09.06-14.10.37:568][  0]LogInit: Going up to parent DeviceProfile []
[2019.09.06-14.10.37:568][  0]LogConfig: Applying CVar settings from Section [ViewDistanceQuality@3] File [D:/D drive for Heagney/2019-SP/GAM4492/APK/HEAGNEY_PLZ_LOOK_AT/APK_Test/Ceol_02/Saved/Config/Windows/Scalability.ini]
[2019.09.06-14.10.37:568][  0]LogConfig: Setting CVar [[r.SkeletalMeshLODBias:0]]
[2019.09.06-14.10.37:568][  0]LogConfig: Setting CVar [[r.ViewDistanceScale:1.0]]
[2019.09.06-14.10.37:568][  0]LogConfig: Applying CVar settings from Section [AntiAliasingQuality@3] File [D:/D drive for Heagney/2019-SP/GAM4492/APK/HEAGNEY_PLZ_LOOK_AT/APK_Test/Ceol_02/Saved/Config/Windows/Scalability.ini]
[2019.09.06-14.10.37:568][  0]LogConfig: Setting CVar [[r.PostProcessAAQuality:4]]
[2019.09.06-14.10.37:568][  0]LogConfig: Applying CVar settings from Section [ShadowQuality@3] File [D:/D drive for Heagney/2019-SP/GAM4492/APK/HEAGNEY_PLZ_LOOK_AT/APK_Test/Ceol_02/Saved/Config/Windows/Scalability.ini]
[2019.09.06-14.10.37:568][  0]LogConfig: Setting CVar [[r.LightFunctionQuality:1]]
[2019.09.06-14.10.37:568][  0]LogConfig: Setting CVar [[r.ShadowQuality:5]]
[2019.09.06-14.10.37:568][  0]LogConfig: Setting CVar [[r.Shadow.CSM.MaxCascades:10]]
[2019.09.06-14.10.37:568][  0]LogConfig: Setting CVar [[r.Shadow.MaxResolution:2048]]
[2019.09.06-14.10.37:568][  0]LogConfig: Setting CVar [[r.Shadow.MaxCSMResolution:2048]]
[2019.09.06-14.10.37:568][  0]LogConfig: Setting CVar [[r.Shadow.RadiusThreshold:0.01]]
[2019.09.06-14.10.37:568][  0]LogConfig: Setting CVar [[r.Shadow.DistanceScale:1.0]]
[2019.09.06-14.10.37:568][  0]LogConfig: Setting CVar [[r.Shadow.CSM.TransitionScale:1.0]]
[2019.09.06-14.10.37:568][  0]LogConfig: Setting CVar [[r.Shadow.PreShadowResolutionFactor:1.0]]
[2019.09.06-14.10.37:568][  0]LogConfig: Setting CVar [[r.DistanceFieldShadowing:1]]
[2019.09.06-14.10.37:568][  0]LogConfig: Setting CVar [[r.DistanceFieldAO:1]]
[2019.09.06-14.10.37:568][  0]LogConfig: Setting CVar [[r.AOQuality:2]]
[2019.09.06-14.10.37:568][  0]LogConfig: Setting CVar [[r.VolumetricFog:1]]
[2019.09.06-14.10.37:568][  0]LogConfig: Setting CVar [[r.VolumetricFog.GridPixelSize:8]]
[2019.09.06-14.10.37:568][  0]LogConfig: Setting CVar [[r.VolumetricFog.GridSizeZ:128]]
[2019.09.06-14.10.37:568][  0]LogConfig: Setting CVar [[r.VolumetricFog.HistoryMissSupersampleCount:4]]
[2019.09.06-14.10.37:568][  0]LogConfig: Setting CVar [[r.LightMaxDrawDistanceScale:1]]
[2019.09.06-14.10.37:568][  0]LogConfig: Setting CVar [[r.CapsuleShadows:1]]
[2019.09.06-14.10.37:568][  0]LogConfig: Applying CVar settings from Section [PostProcessQuality@3] File [D:/D drive for Heagney/2019-SP/GAM4492/APK/HEAGNEY_PLZ_LOOK_AT/APK_Test/Ceol_02/Saved/Config/Windows/Scalability.ini]
[2019.09.06-14.10.37:568][  0]LogConfig: Setting CVar [[r.MotionBlurQuality:4]]
[2019.09.06-14.10.37:568][  0]LogConfig: Setting CVar [[r.AmbientOcclusionMipLevelFactor:0.4]]
[2019.09.06-14.10.37:568][  0]LogConfig: Setting CVar [[r.AmbientOcclusionMaxQuality:100]]
[2019.09.06-14.10.37:568][  0]LogConfig: Setting CVar [[r.AmbientOcclusionLevels:-1]]
[2019.09.06-14.10.37:568][  0]LogConfig: Setting CVar [[r.AmbientOcclusionRadiusScale:1.0]]
[2019.09.06-14.10.37:568][  0]LogConfig: Setting CVar [[r.DepthOfFieldQuality:2]]
[2019.09.06-14.10.37:568][  0]LogConfig: Setting CVar [[r.RenderTargetPoolMin:400]]
[2019.09.06-14.10.37:568][  0]LogConfig: Setting CVar [[r.LensFlareQuality:2]]
[2019.09.06-14.10.37:568][  0]LogConfig: Setting CVar [[r.SceneColorFringeQuality:1]]
[2019.09.06-14.10.37:568][  0]LogConfig: Setting CVar [[r.EyeAdaptationQuality:2]]
[2019.09.06-14.10.37:568][  0]LogConfig: Setting CVar [[r.BloomQuality:5]]
[2019.09.06-14.10.37:568][  0]LogConfig: Setting CVar [[r.FastBlurThreshold:100]]
[2019.09.06-14.10.37:568][  0]LogConfig: Setting CVar [[r.Upscale.Quality:3]]
[2019.09.06-14.10.37:568][  0]LogConfig: Setting CVar [[r.Tonemapper.GrainQuantization:1]]
[2019.09.06-14.10.37:568][  0]LogConfig: Setting CVar [[r.LightShaftQuality:1]]
[2019.09.06-14.10.37:568][  0]LogConfig: Setting CVar [[r.Filter.SizeScale:1]]
[2019.09.06-14.10.37:568][  0]LogConfig: Setting CVar [[r.Tonemapper.Quality:5]]
[2019.09.06-14.10.37:568][  0]LogConfig: Setting CVar [[r.DOF.Gather.AccumulatorQuality:1        ; higher gathering accumulator quality]]
[2019.09.06-14.10.37:568][  0]LogConfig: Setting CVar [[r.DOF.Gather.PostfilterMethod:1          ; Median3x3 postfilering method]]
[2019.09.06-14.10.37:568][  0]LogConfig: Setting CVar [[r.DOF.Gather.EnableBokehSettings:0       ; no bokeh simulation when gathering]]
[2019.09.06-14.10.37:568][  0]LogConfig: Setting CVar [[r.DOF.Gather.RingCount:4                 ; medium number of samples when gathering]]
[2019.09.06-14.10.37:568][  0]LogConfig: Setting CVar [[r.DOF.Scatter.ForegroundCompositing:1    ; additive foreground scattering]]
[2019.09.06-14.10.37:568][  0]LogConfig: Setting CVar [[r.DOF.Scatter.BackgroundCompositing:2    ; additive background scattering]]
[2019.09.06-14.10.37:568][  0]LogConfig: Setting CVar [[r.DOF.Scatter.EnableBokehSettings:1      ; bokeh simulation when scattering]]
[2019.09.06-14.10.37:568][  0]LogConfig: Setting CVar [[r.DOF.Scatter.MaxSpriteRatio:0.1         ; only a maximum of 10% of scattered bokeh]]
[2019.09.06-14.10.37:568][  0]LogConfig: Setting CVar [[r.DOF.Recombine.Quality:1                ; cheap slight out of focus]]
[2019.09.06-14.10.37:568][  0]LogConfig: Setting CVar [[r.DOF.Recombine.EnableBokehSettings:0    ; no bokeh simulation on slight out of focus]]
[2019.09.06-14.10.37:568][  0]LogConfig: Setting CVar [[r.DOF.TemporalAAQuality:1                ; more stable temporal accumulation]]
[2019.09.06-14.10.37:568][  0]LogConfig: Setting CVar [[r.DOF.Kernel.MaxForegroundRadius:0.025]]
[2019.09.06-14.10.37:568][  0]LogConfig: Setting CVar [[r.DOF.Kernel.MaxBackgroundRadius:0.025]]
[2019.09.06-14.10.37:568][  0]LogConfig: Applying CVar settings from Section [TextureQuality@3] File [D:/D drive for Heagney/2019-SP/GAM4492/APK/HEAGNEY_PLZ_LOOK_AT/APK_Test/Ceol_02/Saved/Config/Windows/Scalability.ini]
[2019.09.06-14.10.37:568][  0]LogConfig: Setting CVar [[r.Streaming.MipBias:0]]
[2019.09.06-14.10.37:568][  0]LogConfig: Setting CVar [[r.Streaming.AmortizeCPUToGPUCopy:0]]
[2019.09.06-14.10.37:568][  0]LogConfig: Setting CVar [[r.Streaming.MaxNumTexturesToStreamPerFrame:0]]
[2019.09.06-14.10.37:568][  0]LogConfig: Setting CVar [[r.Streaming.Boost:1]]
[2019.09.06-14.10.37:568][  0]LogConfig: Setting CVar [[r.MaxAnisotropy:8]]
[2019.09.06-14.10.37:568][  0]LogConfig: Setting CVar [[r.Streaming.LimitPoolSizeToVRAM:0]]
[2019.09.06-14.10.37:568][  0]LogConfig: Setting CVar [[r.Streaming.PoolSize:1000]]
[2019.09.06-14.10.37:568][  0]LogConfig: Setting CVar [[r.Streaming.MaxEffectiveScreenSize:0]]
[2019.09.06-14.10.37:569][  0]LogConfig: Applying CVar settings from Section [EffectsQuality@3] File [D:/D drive for Heagney/2019-SP/GAM4492/APK/HEAGNEY_PLZ_LOOK_AT/APK_Test/Ceol_02/Saved/Config/Windows/Scalability.ini]
[2019.09.06-14.10.37:569][  0]LogConfig: Setting CVar [[r.TranslucencyLightingVolumeDim:64]]
[2019.09.06-14.10.37:569][  0]LogConfig: Setting CVar [[r.RefractionQuality:2]]
[2019.09.06-14.10.37:569][  0]LogConfig: Setting CVar [[r.SSR.Quality:3]]
[2019.09.06-14.10.37:569][  0]LogConfig: Setting CVar [[r.SceneColorFormat:4]]
[2019.09.06-14.10.37:569][  0]LogConfig: Setting CVar [[r.DetailMode:2]]
[2019.09.06-14.10.37:569][  0]LogConfig: Setting CVar [[r.TranslucencyVolumeBlur:1]]
[2019.09.06-14.10.37:569][  0]LogConfig: Setting CVar [[r.MaterialQualityLevel:1 ; High quality]]
[2019.09.06-14.10.37:569][  0]LogConfig: Setting CVar [[r.SSS.Scale:1]]
[2019.09.06-14.10.37:569][  0]LogConfig: Setting CVar [[r.SSS.SampleSet:2]]
[2019.09.06-14.10.37:569][  0]LogConfig: Setting CVar [[r.SSS.Quality:1]]
[2019.09.06-14.10.37:569][  0]LogConfig: Setting CVar [[r.SSS.HalfRes:1]]
[2019.09.06-14.10.37:569][  0]LogConfig: Setting CVar [[r.EmitterSpawnRateScale:1.0]]
[2019.09.06-14.10.37:569][  0]LogConfig: Setting CVar [[r.ParticleLightQuality:2]]
[2019.09.06-14.10.37:569][  0]LogConfig: Applying CVar settings from Section [FoliageQuality@3] File [D:/D drive for Heagney/2019-SP/GAM4492/APK/HEAGNEY_PLZ_LOOK_AT/APK_Test/Ceol_02/Saved/Config/Windows/Scalability.ini]
[2019.09.06-14.10.37:569][  0]LogConfig: Setting CVar [[foliage.DensityScale:1.0]]
[2019.09.06-14.10.37:569][  0]LogConfig: Setting CVar [[grass.DensityScale:1.0]]
[2019.09.06-14.10.37:569][  0]LogConfig: Applying CVar settings from Section [Startup] File [../../../Engine/Config/ConsoleVariables.ini]
[2019.09.06-14.10.37:581][  0]LogConfig: Setting CVar [[net.UseAdaptiveNetUpdateFrequency:0]]
[2019.09.06-14.10.37:581][  0]LogConfig: Setting CVar [[p.chaos.AllowCreatePhysxBodies:1]]
[2019.09.06-14.10.37:581][  0]LogConfig: Applying CVar settings from Section [ConsoleVariables] File [D:/D drive for Heagney/2019-SP/GAM4492/APK/HEAGNEY_PLZ_LOOK_AT/APK_Test/Ceol_02/Saved/Config/Windows/Engine.ini]
[2019.09.06-14.10.37:581][  0]LogInit: Computer: NQSC307-MSI-BH
[2019.09.06-14.10.37:581][  0]LogInit: User: bheagney
[2019.09.06-14.10.37:581][  0]LogInit: CPU Page size=4096, Cores=4
[2019.09.06-14.10.37:581][  0]LogInit: High frequency timer resolution =3.515624 MHz
[2019.09.06-14.10.37:581][  0]LogMemory: Memory total: Physical=31.9GB (32GB approx)
[2019.09.06-14.10.37:581][  0]LogMemory: Platform Memory Stats for Windows
[2019.09.06-14.10.37:581][  0]LogMemory: Process Physical Memory: 96.76 MB used, 96.76 MB peak
[2019.09.06-14.10.37:581][  0]LogMemory: Process Virtual Memory: 88.93 MB used, 88.93 MB peak
[2019.09.06-14.10.37:581][  0]LogMemory: Physical Memory: 17763.16 MB used,  14952.56 MB free, 32715.71 MB total
[2019.09.06-14.10.37:581][  0]LogMemory: Virtual Memory: 558.59 MB used,  134217168.00 MB free, 134217728.00 MB total
[2019.09.06-14.10.38:498][  0]LogInit: Using OS detected language (en-US).
[2019.09.06-14.10.38:498][  0]LogInit: Using OS detected locale (en-US).
[2019.09.06-14.10.38:600][  0]LogTextLocalizationManager: No specific localization for 'en-US' exists, so the 'en' localization will be used.
[2019.09.06-14.10.39:117][  0]LogInit: Setting process to per monitor DPI aware
[2019.09.06-14.10.39:663][  0]LogSlate: New Slate User Created.  User Index 0, Is Virtual User: 0
[2019.09.06-14.10.39:663][  0]LogSlate: Slate User Registered.  User Index 0, Is Virtual User: 0
[2019.09.06-14.10.40:401][  0]LogHMD: Failed to initialize OpenVR with code 110
[2019.09.06-14.10.40:401][  0]LogD3D11RHI: D3D11 adapters:
[2019.09.06-14.10.40:473][  0]LogD3D11RHI:    0. 'NVIDIA GeForce GTX 1070' (Feature Level 11_0)
[2019.09.06-14.10.40:473][  0]LogD3D11RHI:       8096/0/16357 MB DedicatedVideo/DedicatedSystem/SharedSystem, Outputs:2, VendorId:0x10de
[2019.09.06-14.10.40:475][  0]LogD3D11RHI:    1. 'Microsoft Basic Render Driver' (Feature Level 11_0)
[2019.09.06-14.10.40:475][  0]LogD3D11RHI:       0/0/16357 MB DedicatedVideo/DedicatedSystem/SharedSystem, Outputs:0, VendorId:0x1414
[2019.09.06-14.10.40:475][  0]LogD3D11RHI: Chosen D3D11 Adapter: 0
[2019.09.06-14.10.40:485][  0]LogD3D11RHI: Creating new Direct3DDevice
[2019.09.06-14.10.40:485][  0]LogD3D11RHI:     GPU DeviceId: 0x1b81 (for the marketing name, search the web for "GPU Device Id")
[2019.09.06-14.10.40:485][  0]LogWindows: EnumDisplayDevices:
[2019.09.06-14.10.40:485][  0]LogWindows:    0. 'NVIDIA GeForce GTX 1070' (P:1 D:1)
[2019.09.06-14.10.40:486][  0]LogWindows:    1. 'NVIDIA GeForce GTX 1070' (P:0 D:1)
[2019.09.06-14.10.40:486][  0]LogWindows:    2. 'NVIDIA GeForce GTX 1070' (P:0 D:0)
[2019.09.06-14.10.40:486][  0]LogWindows:    3. 'NVIDIA GeForce GTX 1070' (P:0 D:0)
[2019.09.06-14.10.40:486][  0]LogWindows: DebugString: FoundDriverCount:4 
[2019.09.06-14.10.40:486][  0]LogD3D11RHI:     Adapter Name: NVIDIA GeForce GTX 1070
[2019.09.06-14.10.40:486][  0]LogD3D11RHI:   Driver Version: 388.13 (internal:23.21.13.8813, unified:388.13)
[2019.09.06-14.10.40:486][  0]LogD3D11RHI:      Driver Date: 10-27-2017
[2019.09.06-14.10.40:486][  0]LogRHI: Texture pool is 5667 MB (70% of 8096 MB)
[2019.09.06-14.10.40:513][  0]LogD3D11RHI: Async texture creation enabled
[2019.09.06-14.10.40:525][  0]LogRendererCore: FGlobalReadBuffer::InitRHI
[2019.09.06-14.10.40:525][  0]LogRendererCore: FGlobalReadBuffer::InitRHI
[2019.09.06-14.10.40:525][  0]LogRendererCore: FGlobalReadBuffer::InitRHI
[2019.09.06-14.10.40:534][  0]LogD3D11RHI: GPU Timing Frequency: 1000.000000 (Debug: 2 1)
[2019.09.06-14.10.42:268][  0]LogTemp: Display: Module 'AllDesktopTargetPlatform' loaded TargetPlatform 'AllDesktop'
[2019.09.06-14.10.42:312][  0]LogTemp: Display: Module 'MacClientTargetPlatform' loaded TargetPlatform 'MacClient'
[2019.09.06-14.10.42:332][  0]LogTemp: Display: Module 'MacNoEditorTargetPlatform' loaded TargetPlatform 'MacNoEditor'
[2019.09.06-14.10.42:428][  0]LogTemp: Display: Module 'MacServerTargetPlatform' loaded TargetPlatform 'MacServer'
[2019.09.06-14.10.42:550][  0]LogTemp: Display: Module 'MacTargetPlatform' loaded TargetPlatform 'Mac'
[2019.09.06-14.10.42:570][  0]LogTemp: Display: Module 'WindowsClientTargetPlatform' loaded TargetPlatform 'WindowsClient'
[2019.09.06-14.10.42:665][  0]LogTemp: Display: Module 'WindowsNoEditorTargetPlatform' loaded TargetPlatform 'WindowsNoEditor'
[2019.09.06-14.10.42:730][  0]LogTemp: Display: Module 'WindowsServerTargetPlatform' loaded TargetPlatform 'WindowsServer'
[2019.09.06-14.10.42:760][  0]LogTemp: Display: Module 'WindowsTargetPlatform' loaded TargetPlatform 'Windows'
[2019.09.06-14.10.42:860][  0]LogTemp: Display: Module 'AndroidTargetPlatform' loaded TargetPlatform 'Android'
[2019.09.06-14.10.42:860][  0]LogTemp: Display: Module 'AndroidTargetPlatform' loaded TargetPlatform 'Android_ASTC'
[2019.09.06-14.10.42:860][  0]LogTemp: Display: Module 'AndroidTargetPlatform' loaded TargetPlatform 'Android_ATC'
[2019.09.06-14.10.42:860][  0]LogTemp: Display: Module 'AndroidTargetPlatform' loaded TargetPlatform 'Android_DXT'
[2019.09.06-14.10.42:860][  0]LogTemp: Display: Module 'AndroidTargetPlatform' loaded TargetPlatform 'Android_ETC1'
[2019.09.06-14.10.42:860][  0]LogTemp: Display: Module 'AndroidTargetPlatform' loaded TargetPlatform 'Android_ETC1a'
[2019.09.06-14.10.42:860][  0]LogTemp: Display: Module 'AndroidTargetPlatform' loaded TargetPlatform 'Android_ETC2'
[2019.09.06-14.10.42:860][  0]LogTemp: Display: Module 'AndroidTargetPlatform' loaded TargetPlatform 'Android_PVRTC'
[2019.09.06-14.10.42:860][  0]LogTemp: Display: Module 'AndroidTargetPlatform' loaded TargetPlatform 'AndroidClient'
[2019.09.06-14.10.42:860][  0]LogTemp: Display: Module 'AndroidTargetPlatform' loaded TargetPlatform 'Android_ASTCClient'
[2019.09.06-14.10.42:860][  0]LogTemp: Display: Module 'AndroidTargetPlatform' loaded TargetPlatform 'Android_ATCClient'
[2019.09.06-14.10.42:860][  0]LogTemp: Display: Module 'AndroidTargetPlatform' loaded TargetPlatform 'Android_DXTClient'
[2019.09.06-14.10.42:860][  0]LogTemp: Display: Module 'AndroidTargetPlatform' loaded TargetPlatform 'Android_ETC1Client'
[2019.09.06-14.10.42:860][  0]LogTemp: Display: Module 'AndroidTargetPlatform' loaded TargetPlatform 'Android_ETC1aClient'
[2019.09.06-14.10.42:860][  0]LogTemp: Display: Module 'AndroidTargetPlatform' loaded TargetPlatform 'Android_ETC2Client'
[2019.09.06-14.10.42:860][  0]LogTemp: Display: Module 'AndroidTargetPlatform' loaded TargetPlatform 'Android_PVRTCClient'
[2019.09.06-14.10.42:860][  0]LogTemp: Display: Module 'AndroidTargetPlatform' loaded TargetPlatform 'Android_Multi'
[2019.09.06-14.10.42:860][  0]LogTemp: Display: Module 'AndroidTargetPlatform' loaded TargetPlatform 'Android_MultiClient'
[2019.09.06-14.10.42:870][  0]LogTemp: Display: Module 'HTML5TargetPlatform' loaded TargetPlatform 'HTML5'
[2019.09.06-14.10.43:011][  0]LogTemp: Display: Module 'IOSTargetPlatform' loaded TargetPlatform 'IOSClient'
[2019.09.06-14.10.43:011][  0]LogTemp: Display: Module 'IOSTargetPlatform' loaded TargetPlatform 'IOS'
[2019.09.06-14.10.43:041][  0]LogTemp: Display: Module 'TVOSTargetPlatform' loaded TargetPlatform 'TVOSClient'
[2019.09.06-14.10.43:041][  0]LogTemp: Display: Module 'TVOSTargetPlatform' loaded TargetPlatform 'TVOS'
[2019.09.06-14.10.43:085][  0]LogTemp: Display: Module 'LinuxClientTargetPlatform' loaded TargetPlatform 'LinuxClient'
[2019.09.06-14.10.43:119][  0]LogTemp: Display: Module 'LinuxNoEditorTargetPlatform' loaded TargetPlatform 'LinuxNoEditor'
[2019.09.06-14.10.43:155][  0]LogTemp: Display: Module 'LinuxServerTargetPlatform' loaded TargetPlatform 'LinuxServer'
[2019.09.06-14.10.43:258][  0]LogTemp: Display: Module 'LinuxTargetPlatform' loaded TargetPlatform 'Linux'
[2019.09.06-14.10.43:325][  0]LogTemp: Display: Module 'LuminTargetPlatform' loaded TargetPlatform 'Lumin'
[2019.09.06-14.10.43:325][  0]LogTemp: Display: Module 'LuminTargetPlatform' loaded TargetPlatform 'LuminClient'
[2019.09.06-14.10.43:325][  0]LogTargetPlatformManager: Display: Building Assets For Windows
[2019.09.06-14.10.43:726][  0]LogAudioDebug: Display: Lib vorbis DLL was dynamically loaded.
[2019.09.06-14.10.44:625][  0]LogShaderCompilers: Guid format shader working directory is -46 characters bigger than the processId version (../../../../../../D drive for Heagney/2019-SP/GAM4492/APK/HEAGNEY_PLZ_LOOK_AT/APK_Test/Ceol_02/Intermediate/Shaders/WorkingDirectory/39920/).
[2019.09.06-14.10.44:626][  0]LogShaderCompilers: Cleaned the shader compiler working directory 'C:/Users/bheagney/AppData/Local/Temp/UnrealShaderWorkingDir/AA15256643A91B144DADB28BF476DF30/'.
[2019.09.06-14.10.44:627][  0]LogXGEController: Cleaning working directory: C:/Users/bheagney/AppData/Local/Temp/UnrealXGEWorkingDir/
[2019.09.06-14.10.44:627][  0]LogXGEController: Cannot use XGE Controller as Incredibuild is not installed on this machine.
[2019.09.06-14.10.44:627][  0]LogShaderCompilers: Cannot use XGE Shader Compiler as Incredibuild is not installed on this machine.
[2019.09.06-14.10.44:627][  0]LogShaderCompilers: Display: Using Local Shader Compiler.
[2019.09.06-14.10.45:835][  0]LogDerivedDataCache: Display: Max Cache Size: 512 MB
[2019.09.06-14.10.45:950][  0]LogDerivedDataCache: Loaded boot cache 0.11s 91MB C:/Users/bheagney/AppData/Local/UnrealEngine/4.22/DerivedDataCache/Boot.ddc.
[2019.09.06-14.10.45:950][  0]LogDerivedDataCache: Display: Loaded Boot cache: C:/Users/bheagney/AppData/Local/UnrealEngine/4.22/DerivedDataCache/Boot.ddc
[2019.09.06-14.10.45:950][  0]LogDerivedDataCache: FDerivedDataBackendGraph:  Pak pak cache file ../../../../../../D drive for Heagney/2019-SP/GAM4492/APK/HEAGNEY_PLZ_LOOK_AT/APK_Test/Ceol_02/DerivedDataCache/DDC.ddp not found, will not use a pak cache.
[2019.09.06-14.10.45:950][  0]LogDerivedDataCache: Unable to find inner node Pak for hierarchical cache Hierarchy.
[2019.09.06-14.10.45:950][  0]LogDerivedDataCache: FDerivedDataBackendGraph:  CompressedPak pak cache file ../../../../../../D drive for Heagney/2019-SP/GAM4492/APK/HEAGNEY_PLZ_LOOK_AT/APK_Test/Ceol_02/DerivedDataCache/Compressed.ddp not found, will not use a pak cache.
[2019.09.06-14.10.45:950][  0]LogDerivedDataCache: Unable to find inner node CompressedPak for hierarchical cache Hierarchy.
[2019.09.06-14.10.46:017][  0]LogDerivedDataCache: Display: Pak cache opened for reading ../../../Engine/DerivedDataCache/Compressed.ddp.
[2019.09.06-14.10.46:055][  0]LogDerivedDataCache: Display: Pak cache opened for reading ../../../Enterprise/DerivedDataCache/Compressed.ddp.
[2019.09.06-14.10.46:067][  0]LogDerivedDataCache: Using Local data cache path C:/Users/bheagney/AppData/Local/UnrealEngine/Common/DerivedDataCache: Writable
[2019.09.06-14.10.46:067][  0]LogDerivedDataCache: Shared data cache path not found in *engine.ini, will not use an Shared cache.
[2019.09.06-14.10.46:067][  0]LogDerivedDataCache: Unable to find inner node Shared for hierarchical cache Hierarchy.
[2019.09.06-14.10.46:086][  0]LogMaterial: Verifying Global Shaders for PCD3D_SM5
[2019.09.06-14.10.46:087][  0]LogSlate: Using FreeType 2.6.0
[2019.09.06-14.10.46:224][  0]LogSlate: SlateFontServices - WITH_FREETYPE: 1, WITH_HARFBUZZ: 1
[2019.09.06-14.10.47:679][  0]LogAssetRegistry: FAssetRegistry took 0.0325 seconds to start up
[2019.09.06-14.10.48:237][  0]LogInit: Selected Device Profile: [Windows]
[2019.09.06-14.10.49:362][  0]LogMeshReduction: Using QuadricMeshReduction for automatic static mesh reduction
[2019.09.06-14.10.49:362][  0]LogMeshReduction: Using SimplygonMeshReduction for automatic skeletal mesh reduction
[2019.09.06-14.10.49:362][  0]LogMeshReduction: Using ProxyLODMeshReduction for automatic mesh merging
[2019.09.06-14.10.49:362][  0]LogMeshReduction: No distributed automatic mesh merging module available
[2019.09.06-14.10.49:362][  0]LogMeshMerging: No distributed automatic mesh merging module available
[2019.09.06-14.10.49:667][  0]LogNetVersion: Ceol 1.0.0, NetCL: 5660361, EngineNetVer: 10, GameNetVer: 0 (Checksum: 1474397155)
[2019.09.06-14.10.52:663][  0]LogPackageLocalizationCache: Processed 10 localized package path(s) for 1 prioritized culture(s) in 0.067701 seconds
[2019.09.06-14.10.52:670][  0]LogUObjectArray: 42205 objects as part of root set at end of initial load.
[2019.09.06-14.10.52:670][  0]LogUObjectAllocator: 7325032 out of 0 bytes used by permanent object pool.
[2019.09.06-14.10.52:670][  0]LogUObjectArray: CloseDisregardForGC: 0/0 objects in disregard for GC pool
[2019.09.06-14.11.05:254][  0]LogTcpMessaging: Initializing TcpMessaging bridge
[2019.09.06-14.11.05:357][  0]LogUdpMessaging: Initializing bridge on interface 0.0.0.0:0 to multicast group 230.0.0.1:6666.
[2019.09.06-14.11.06:118][  0]SourceControl: Source control is disabled
[2019.09.06-14.11.06:118][  0]SourceControl: Source control is disabled
[2019.09.06-14.11.06:170][  0]SourceControl: Source control is disabled
[2019.09.06-14.11.06:198][  0]SourceControl: Source control is disabled
[2019.09.06-14.11.06:398][  0]LogVSAccessor: Display: Unable to create Visual Studio setup instance: 80040154
[2019.09.06-14.11.06:399][  0]LogVSAccessor: Display: Unable to create Visual Studio setup instance: 80040154
[2019.09.06-14.11.07:867][  0]LogAndroidPermission: UAndroidPermissionCallbackProxy::GetInstance
[2019.09.06-14.11.08:664][  0]LogOcInput: OculusInput pre-init called
[2019.09.06-14.11.09:984][  0]LogEngine: Initializing Engine...
[2019.09.06-14.11.09:984][  0]LogHMD: Failed to initialize OpenVR with code 110
[2019.09.06-14.11.09:985][  0]LogStats: UGameplayTagsManager::InitializeManager -  0.000 s
[2019.09.06-14.11.10:511][  0]LogInit: Initializing FReadOnlyCVARCache
[2019.09.06-14.11.10:677][  0]LogAIModule: Creating AISystem for world Untitled
[2019.09.06-14.11.10:713][  0]LogInit: XAudio2 using 'Speakers (Dell AC511 USB SoundBar)' : 2 channels at 48 kHz using 16 bits per sample (channel mask 0x3)
[2019.09.06-14.11.10:728][  0]LogInit: FAudioDevice initialized.
[2019.09.06-14.11.10:729][  0]LogNetVersion: Set ProjectVersion to 0.1.0. Version Checksum will be recalculated on next use.
[2019.09.06-14.11.10:792][  0]LogDerivedDataCache: Saved boot cache 0.06s 91MB C:/Users/bheagney/AppData/Local/UnrealEngine/4.22/DerivedDataCache/Boot.ddc.
[2019.09.06-14.11.10:800][  0]LogInit: Texture streaming: Disabled
[2019.09.06-14.11.10:899][  0]LogEngineSessionManager: EngineSessionManager initialized
[2019.09.06-14.11.10:936][  0]LogInit: Transaction tracking system initialized
[2019.09.06-14.11.11:196][  0]BlueprintLog: New page: Editor Load
[2019.09.06-14.11.12:098][  0]LocalizationService: Localization service is disabled
[2019.09.06-14.11.13:158][  0]LogVSAccessor: Display: Unable to create Visual Studio setup instance: 80040154
[2019.09.06-14.11.13:159][  0]LogVSAccessor: Display: Unable to create Visual Studio setup instance: 80040154
[2019.09.06-14.11.14:465][  0]LogCook: Display: Max memory allowance for cook 16384mb min free memory 0mb
[2019.09.06-14.11.14:465][  0]LogCook: Display: Mobile HDR setting 1
[2019.09.06-14.11.15:198][  0]LogFileCache: Scanning file cache for directory 'D:/D drive for Heagney/2019-SP/GAM4492/APK/HEAGNEY_PLZ_LOOK_AT/APK_Test/Ceol_02/Content/' took 0.04s
[2019.09.06-14.11.17:015][  0]SourceControl: Source control is disabled
[2019.09.06-14.11.17:015][  0]Cmd: MAP LOAD FILE="../../../../../../D drive for Heagney/2019-SP/GAM4492/APK/HEAGNEY_PLZ_LOOK_AT/APK_Test/Ceol_02/Content/Maps/start.umap" TEMPLATE=0 SHOWPROGRESS=1 FEATURELEVEL=3
[2019.09.06-14.11.17:038][  0]LightingResults: New page: Lighting Build
[2019.09.06-14.11.17:040][  0]MapCheck: New page: Map Check
[2019.09.06-14.11.17:040][  0]LightingResults: New page: Lighting Build
[2019.09.06-14.11.17:098][  0]LogUObjectHash: Compacting FUObjectHashTables data took   1.34ms
[2019.09.06-14.11.17:267][  0]LogAIModule: Creating AISystem for world start
[2019.09.06-14.11.17:268][  0]LogEditorServer: Finished looking for orphan Actors (0.000 secs)
[2019.09.06-14.11.17:290][  0]LogUObjectHash: Compacting FUObjectHashTables data took   1.51ms
[2019.09.06-14.11.17:290][  0]Cmd: MAP CHECKDEP NOCLEARLOG
[2019.09.06-14.11.17:290][  0]MapCheck: Map check complete: 0 Error(s), 0 Warning(s), took 0.086ms to complete.
[2019.09.06-14.11.17:290][  0]LogFileHelpers: Loading map 'start' took 0.275
[2019.09.06-14.11.17:531][  0]LogSlate: Updating window title bar state: overlay mode, drag disabled, window buttons hidden, title bar hidden
[2019.09.06-14.11.17:538][  0]LogSlate: Updating window title bar state: overlay mode, drag disabled, window buttons hidden, title bar hidden
[2019.09.06-14.11.17:544][  0]LogSlate: Updating window title bar state: overlay mode, drag disabled, window buttons hidden, title bar hidden
[2019.09.06-14.11.17:551][  0]LogSlate: Updating window title bar state: overlay mode, drag disabled, window buttons hidden, title bar hidden
[2019.09.06-14.11.17:598][  0]LogCollectionManager: Loaded 0 collections in 0.000885 seconds
[2019.09.06-14.11.17:637][  0]LogFileCache: Scanning file cache for directory 'D:/D drive for Heagney/2019-SP/GAM4492/APK/HEAGNEY_PLZ_LOOK_AT/APK_Test/Ceol_02/Saved/Collections/' took 0.01s
[2019.09.06-14.11.17:637][  0]LogFileCache: Scanning file cache for directory 'D:/D drive for Heagney/2019-SP/GAM4492/APK/HEAGNEY_PLZ_LOOK_AT/APK_Test/Ceol_02/Content/Developers/bheagney/Collections/' took 0.01s
[2019.09.06-14.11.17:637][  0]LogFileCache: Scanning file cache for directory 'D:/D drive for Heagney/2019-SP/GAM4492/APK/HEAGNEY_PLZ_LOOK_AT/APK_Test/Ceol_02/Content/Collections/' took 0.01s
[2019.09.06-14.11.17:637][  0]LogCollectionManager: Rebuilt the GUID cache for 0 collections in 0.000000 seconds
[2019.09.06-14.11.17:644][  0]LogContentBrowser: Native class hierarchy populated in 0.0073 seconds. Added 2732 classes and 659 folders.
[2019.09.06-14.11.17:648][  0]LogContentBrowser: Native class hierarchy updated for 'WidgetCarousel' in 0.0003 seconds. Added 0 classes and 0 folders.
[2019.09.06-14.11.17:681][  0]LogPakFile: Registered encryption key '00000000000000000000000000000000': 0 pak files mounted, 0 remain pending
[2019.09.06-14.11.17:754][  0]LogPakFile: Registered encryption key '00000000000000000000000000000000': 0 pak files mounted, 0 remain pending
[2019.09.06-14.11.17:765][  0]LogPakFile: Registered encryption key '00000000000000000000000000000000': 0 pak files mounted, 0 remain pending
[2019.09.06-14.11.17:766][  0]LogPakFile: Registered encryption key '00000000000000000000000000000000': 0 pak files mounted, 0 remain pending
[2019.09.06-14.11.17:767][  0]LogPakFile: Registered encryption key '00000000000000000000000000000000': 0 pak files mounted, 0 remain pending
[2019.09.06-14.11.17:768][  0]LogPakFile: Registered encryption key '00000000000000000000000000000000': 0 pak files mounted, 0 remain pending
[2019.09.06-14.11.17:769][  0]LogPakFile: Registered encryption key '00000000000000000000000000000000': 0 pak files mounted, 0 remain pending
[2019.09.06-14.11.17:770][  0]LogPakFile: Registered encryption key '00000000000000000000000000000000': 0 pak files mounted, 0 remain pending
[2019.09.06-14.11.17:771][  0]LogPakFile: Registered encryption key '00000000000000000000000000000000': 0 pak files mounted, 0 remain pending
[2019.09.06-14.11.17:773][  0]LogPakFile: Registered encryption key '00000000000000000000000000000000': 0 pak files mounted, 0 remain pending
[2019.09.06-14.11.17:775][  0]LogPakFile: Registered encryption key '00000000000000000000000000000000': 0 pak files mounted, 0 remain pending
[2019.09.06-14.11.17:775][  0]LogPakFile: Registered encryption key '00000000000000000000000000000000': 0 pak files mounted, 0 remain pending
[2019.09.06-14.11.17:776][  0]LogPakFile: Registered encryption key '00000000000000000000000000000000': 0 pak files mounted, 0 remain pending
[2019.09.06-14.11.17:777][  0]LogPakFile: Registered encryption key '00000000000000000000000000000000': 0 pak files mounted, 0 remain pending
[2019.09.06-14.11.17:779][  0]LogPakFile: Registered encryption key '00000000000000000000000000000000': 0 pak files mounted, 0 remain pending
[2019.09.06-14.11.17:779][  0]LogPakFile: Registered encryption key '00000000000000000000000000000000': 0 pak files mounted, 0 remain pending
[2019.09.06-14.11.17:780][  0]LogPakFile: Registered encryption key '00000000000000000000000000000000': 0 pak files mounted, 0 remain pending
[2019.09.06-14.11.17:781][  0]LogPakFile: Registered encryption key '00000000000000000000000000000000': 0 pak files mounted, 0 remain pending
[2019.09.06-14.11.17:783][  0]LogPakFile: Registered encryption key '00000000000000000000000000000000': 0 pak files mounted, 0 remain pending
[2019.09.06-14.11.17:784][  0]LogPakFile: Registered encryption key '00000000000000000000000000000000': 0 pak files mounted, 0 remain pending
[2019.09.06-14.11.17:784][  0]LogPakFile: Registered encryption key '00000000000000000000000000000000': 0 pak files mounted, 0 remain pending
[2019.09.06-14.11.17:785][  0]LogPakFile: Registered encryption key '00000000000000000000000000000000': 0 pak files mounted, 0 remain pending
[2019.09.06-14.11.17:787][  0]LogPakFile: Registered encryption key '00000000000000000000000000000000': 0 pak files mounted, 0 remain pending
[2019.09.06-14.11.17:788][  0]LogPakFile: Registered encryption key '00000000000000000000000000000000': 0 pak files mounted, 0 remain pending
[2019.09.06-14.11.17:789][  0]LogPakFile: Registered encryption key '00000000000000000000000000000000': 0 pak files mounted, 0 remain pending
[2019.09.06-14.11.17:790][  0]LogPakFile: Registered encryption key '00000000000000000000000000000000': 0 pak files mounted, 0 remain pending
[2019.09.06-14.11.17:790][  0]LogPakFile: Registered encryption key '00000000000000000000000000000000': 0 pak files mounted, 0 remain pending
[2019.09.06-14.11.17:814][  0]LogPakFile: Registered encryption key '00000000000000000000000000000000': 0 pak files mounted, 0 remain pending
[2019.09.06-14.11.18:466][  0]LogContentBrowser: Native class hierarchy updated for 'AddContentDialog' in 0.0003 seconds. Added 0 classes and 0 folders.
[2019.09.06-14.11.18:571][  0]LogContentBrowser: Native class hierarchy updated for 'SceneOutliner' in 0.0003 seconds. Added 1 classes and 2 folders.
[2019.09.06-14.11.18:631][  0]LogSlate: Took 0.026186 seconds to synchronously load lazily loaded font '../../../Engine/Content/Slate/Fonts/Roboto-Regular.ttf' (155K)
[2019.09.06-14.11.18:649][  0]LogSlate: Took 0.016360 seconds to synchronously load lazily loaded font '../../../Engine/Content/Slate/Fonts/Roboto-Bold.ttf' (160K)
[2019.09.06-14.11.18:719][  0]LogSlate: Took 0.067172 seconds to synchronously load lazily loaded font '../../../Engine/Content/Editor/Slate/Fonts/FontAwesome.ttf' (139K)
[2019.09.06-14.11.18:876][  0]LogRenderer: Reallocating scene render targets to support 1132x472 Format 10 NumSamples 1 (Frame:1).
[2019.09.06-14.11.19:093][  0]LogContentBrowser: Native class hierarchy updated for 'HierarchicalLODOutliner' in 0.0003 seconds. Added 0 classes and 0 folders.
[2019.09.06-14.11.19:093][  0]LogLoad: (Engine Initialization) Total time: 50.82 seconds
[2019.09.06-14.11.19:093][  0]LogLoad: (Engine Initialization) Total Blueprint compile time: 0.00 seconds
[2019.09.06-14.11.19:133][  0]LogAssetRegistry: Asset discovery search completed in 31.4767 seconds
[2019.09.06-14.11.19:135][  0]LogCollectionManager: Rebuilt the object cache for 0 collections in 0.000000 seconds (found 0 objects)
[2019.09.06-14.11.19:135][  0]LogCollectionManager: Fixed up redirectors for 0 collections in 0.000039 seconds (updated 0 objects)
[2019.09.06-14.11.19:249][  0]LogSlate: Took 0.063106 seconds to synchronously load lazily loaded font '../../../Engine/Content/Slate/Fonts/Roboto-Light.ttf' (167K)
[2019.09.06-14.11.26:815][ 23]LogSlate: FSceneViewport::OnFocusLost() reason 0
[2019.09.06-14.11.38:998][401]LogSlate: Took 0.000370 seconds to synchronously load lazily loaded font '../../../Engine/Content/Slate/Fonts/Roboto-Light.ttf' (167K)
[2019.09.06-14.11.39:023][401]LogAssetEditorManager: Opening Asset editor for WidgetBlueprint /Game/Widgets/Scroll_Screen.Scroll_Screen
[2019.09.06-14.11.39:541][401]LogContentBrowser: Native class hierarchy updated for 'BlueprintGraph' in 0.0005 seconds. Added 121 classes and 0 folders.
[2019.09.06-14.11.40:245][401]LogBlueprintActionDatabase: Requesting refresh due to module change: SequencerWidgets (loaded)
[2019.09.06-14.11.40:683][401]LogSlate: Took 0.008428 seconds to synchronously load lazily loaded font '../../../Engine/Content/Slate/Fonts/Roboto-BoldCondensed.ttf' (158K)
[2019.09.06-14.12.07:023][331]LogAssetEditorManager: Opening Asset editor for Material /Game/materials/Intro/Intro_A.Intro_A
[2019.09.06-14.12.07:027][331]LogMaterial: Display: Missing cached shader map for material Intro_A, compiling. 
[2019.09.06-14.12.07:607][331]LogMaterial: Display: Missing cached shader map for material Intro_A, compiling. 
[2019.09.06-14.12.07:617][331]LogShaderCompilers: Display: Shaders left to compile 20
[2019.09.06-14.12.07:643][331]LogMaterial: Display: Missing cached shader map for material FMatExpressionPreview MaterialExpressionTextureSample_0, compiling. 
[2019.09.06-14.12.09:406][498]LogShaderCompilers: Display: Shaders left to compile 10
[2019.09.06-14.12.09:728][534]LogSlate: Took 0.011072 seconds to synchronously load lazily loaded font '../../../Engine/Content/Slate/Fonts/Roboto-Italic.ttf' (157K)
[2019.09.06-14.12.10:454][621]MaterialEditorStats: Default UI Pixel Shader: 25 instructions
[2019.09.06-14.12.10:454][621]MaterialEditorStats: Default UI Vertex Shader: 17 instructions
[2019.09.06-14.12.10:454][621]MaterialEditorStats: Instanced UI Vertex Shader: 17 instructions
[2019.09.06-14.12.10:454][621]MaterialEditorStats: Texture samplers: 3/16
[2019.09.06-14.12.10:454][621]MaterialEditorStats: Texture Lookups (Est.): VS(0), PS(1)
[2019.09.06-14.12.10:454][621]MaterialEditorStats: User interpolators: 2/4 Scalars (1/4 Vectors) (TexCoords: 2, Custom: 0)
[2019.09.06-14.12.17:000][403]LogMaterial: Display: Missing cached shader map for material Material_0, compiling. 
[2019.09.06-14.12.25:203][381]LogAssetEditorManager: Opening Asset editor for Material /Game/materials/Intro/Intro_B.Intro_B
[2019.09.06-14.12.25:206][381]LogMaterial: Display: Missing cached shader map for material Intro_B, compiling. 
[2019.09.06-14.12.25:261][381]LogMaterial: Display: Missing cached shader map for material Intro_B, compiling. 
[2019.09.06-14.12.25:282][381]LogShaderCompilers: Display: Shaders left to compile 20
[2019.09.06-14.12.25:295][381]LogMaterial: Display: Missing cached shader map for material FMatExpressionPreview MaterialExpressionTextureSample_0, compiling. 
[2019.09.06-14.12.25:980][444]LogShaderCompilers: Display: Shaders left to compile 10
[2019.09.06-14.12.26:829][544]MaterialEditorStats: Default UI Pixel Shader: 25 instructions
[2019.09.06-14.12.26:829][544]MaterialEditorStats: Default UI Vertex Shader: 17 instructions
[2019.09.06-14.12.26:829][544]MaterialEditorStats: Instanced UI Vertex Shader: 17 instructions
[2019.09.06-14.12.26:829][544]MaterialEditorStats: Texture samplers: 3/16
[2019.09.06-14.12.26:829][544]MaterialEditorStats: Texture Lookups (Est.): VS(0), PS(1)
[2019.09.06-14.12.26:829][544]MaterialEditorStats: User interpolators: 2/4 Scalars (1/4 Vectors) (TexCoords: 2, Custom: 0)
[2019.09.06-14.12.32:839][258]LogAssetEditorManager: Opening Asset editor for Texture2D /Game/Sprites/spritesheet/Intro/one_a.one_a
[2019.09.06-14.12.32:936][258]LogBlueprintActionDatabase: Requesting refresh due to module change: TextureEditor (loaded)
[2019.09.06-14.12.32:936][258]LogContentBrowser: Native class hierarchy updated for 'TextureEditor' in 0.0003 seconds. Added 1 classes and 2 folders.
[2019.09.06-14.12.50:440][201]LogAssetEditorManager: Opening Asset editor for Texture2D /Game/Sprites/spritesheet/Intro/one_b_02.one_b_02
[2019.09.06-14.14.04:598][925]Cmd: TRANSACTION UNDO
[2019.09.06-14.14.04:598][925]LogEditorTransaction: Undo Set Vector Property
[2019.09.06-14.14.04:626][925]LogMaterial: Display: Missing cached shader map for material Intro_A, compiling. 
[2019.09.06-14.14.04:640][925]LogMaterial: Display: Missing cached shader map for material Intro_B, compiling. 
[2019.09.06-14.14.04:647][925]LogShaderCompilers: Display: Shaders left to compile 20
[2019.09.06-14.14.05:485][987]LogShaderCompilers: Display: Shaders left to compile 30
[2019.09.06-14.14.05:901][ 23]LogShaderCompilers: Display: Shaders left to compile 20
[2019.09.06-14.14.05:952][ 27]MaterialEditorStats: Default UI Pixel Shader: 25 instructions
[2019.09.06-14.14.05:952][ 27]MaterialEditorStats: Default UI Vertex Shader: 17 instructions
[2019.09.06-14.14.05:952][ 27]MaterialEditorStats: Instanced UI Vertex Shader: 17 instructions
[2019.09.06-14.14.05:952][ 27]MaterialEditorStats: Texture samplers: 3/16
[2019.09.06-14.14.05:952][ 27]MaterialEditorStats: Texture Lookups (Est.): VS(0), PS(1)
[2019.09.06-14.14.05:952][ 27]MaterialEditorStats: User interpolators: 2/4 Scalars (1/4 Vectors) (TexCoords: 2, Custom: 0)
[2019.09.06-14.14.06:318][ 59]LogShaderCompilers: Display: Shaders left to compile 10
[2019.09.06-14.14.07:006][118]MaterialEditorStats: Default UI Pixel Shader: 25 instructions
[2019.09.06-14.14.07:006][118]MaterialEditorStats: Default UI Vertex Shader: 17 instructions
[2019.09.06-14.14.07:006][118]MaterialEditorStats: Instanced UI Vertex Shader: 17 instructions
[2019.09.06-14.14.07:006][118]MaterialEditorStats: Texture samplers: 3/16
[2019.09.06-14.14.07:006][118]MaterialEditorStats: Texture Lookups (Est.): VS(0), PS(1)
[2019.09.06-14.14.07:006][118]MaterialEditorStats: User interpolators: 2/4 Scalars (1/4 Vectors) (TexCoords: 2, Custom: 0)
[2019.09.06-14.19.56:457][411]LogSlate: FSceneViewport::OnFocusLost() reason 0
[2019.09.06-14.20.16:063][613]LogFactory: FactoryCreateFile: Texture with ReimportTextureFactory (0 0 ../../../../../../D drive for Heagney/2019-SP/GAM4492/APK/HEAGNEY_PLZ_LOOK_AT/APK_Test/PHOTOSHOPPED/AnimationB.png)
[2019.09.06-14.20.25:475][613]LogSlate: Window 'Message' being destroyed
[2019.09.06-14.20.25:479][613]Error: Texture import failed
[2019.09.06-14.20.27:106][613]LogSlate: Window 'Message' being destroyed
[2019.09.06-14.20.27:109][613]LogAssetTools: Warning: Failed to import '../../../../../../D drive for Heagney/2019-SP/GAM4492/APK/HEAGNEY_PLZ_LOOK_AT/APK_Test/PHOTOSHOPPED/AnimationB.png'. Failed to create asset '/Game/Sprites/spritesheet/Intro/AnimationB'.
Please see Output Log for details.
[2019.09.06-14.20.36:859][619]LogSlate: Window 'Message' being destroyed
[2019.09.06-14.21.11:400][340]LogFactory: FactoryCreateFile: Texture with ReimportTextureFactory (0 0 ../../../../../../D drive for Heagney/2019-SP/GAM4492/APK/HEAGNEY_PLZ_LOOK_AT/APK_Test/PHOTOSHOPPED/AnimationB02.png)
[2019.09.06-14.21.11:405][340]LogTexture: Display: Building textures: AnimationB02 (AutoDXT, 1024X96)
[2019.09.06-14.21.17:548][ 70]LogAssetEditorManager: Opening Asset editor for Texture2D /Game/Sprites/spritesheet/Intro/AnimationB02.AnimationB02
[2019.09.06-14.21.19:102][246]LogUnrealEdMisc: Warning: Heartbeat event firing too frequently (51.988 sec). This should never happen. Something is wrong with the timer delegate!
[2019.09.06-14.21.22:459][487]LogSlate: Window 'Message' being destroyed
[2019.09.06-14.21.25:811][873]LogUObjectHash: Compacting FUObjectHashTables data took   6.44ms
[2019.09.06-14.21.26:839][873]LogSlate: Window 'Save Content' being destroyed
[2019.09.06-14.21.26:875][873]LogSavePackage: Moving '../../../../../../D drive for Heagney/2019-SP/GAM4492/APK/HEAGNEY_PLZ_LOOK_AT/APK_Test/Ceol_02/Saved/AnimationB023D9A3E81458E26C6DDA6749BF462D773.tmp' to '../../../../../../D drive for Heagney/2019-SP/GAM4492/APK/HEAGNEY_PLZ_LOOK_AT/APK_Test/Ceol_02/Content/Sprites/spritesheet/Intro/AnimationB02.uasset'
[2019.09.06-14.21.26:931][873]LogSavePackage: Moving '../../../../../../D drive for Heagney/2019-SP/GAM4492/APK/HEAGNEY_PLZ_LOOK_AT/APK_Test/Ceol_02/Saved/Scroll_Screen38169C374E878E8FDF5CA39C7D2E5814.tmp' to '../../../../../../D drive for Heagney/2019-SP/GAM4492/APK/HEAGNEY_PLZ_LOOK_AT/APK_Test/Ceol_02/Content/Widgets/Scroll_Screen.uasset'
[2019.09.06-14.21.36:137][969]LogSavePackage: Moving '../../../../../../D drive for Heagney/2019-SP/GAM4492/APK/HEAGNEY_PLZ_LOOK_AT/APK_Test/Ceol_02/Saved/one_b039B2A7F264BE9326D7E901E94B9D364BE.tmp' to '../../../../../../D drive for Heagney/2019-SP/GAM4492/APK/HEAGNEY_PLZ_LOOK_AT/APK_Test/Ceol_02/Content/Sprites/spritesheet/Intro/one_b03.uasset'
[2019.09.06-14.21.36:312][969]LogUObjectHash: Compacting FUObjectHashTables data took   3.26ms
[2019.09.06-14.21.36:346][969]LogUObjectHash: Compacting FUObjectHashTables data took   2.09ms
[2019.09.06-14.21.36:376][969]LogUObjectHash: Compacting FUObjectHashTables data took   0.66ms
[2019.09.06-14.21.44:562][943]LogSavePackage: Moving '../../../../../../D drive for Heagney/2019-SP/GAM4492/APK/HEAGNEY_PLZ_LOOK_AT/APK_Test/Ceol_02/Saved/one_b_03AD28EE8C4AE724E377D0B193BADD8EDF.tmp' to '../../../../../../D drive for Heagney/2019-SP/GAM4492/APK/HEAGNEY_PLZ_LOOK_AT/APK_Test/Ceol_02/Content/Sprites/spritesheet/Intro/one_b_03.uasset'
[2019.09.06-14.21.44:695][943]LogUObjectHash: Compacting FUObjectHashTables data took   0.76ms
[2019.09.06-14.21.44:725][943]LogUObjectHash: Compacting FUObjectHashTables data took   2.23ms
[2019.09.06-14.21.44:758][943]LogUObjectHash: Compacting FUObjectHashTables data took   0.75ms
[2019.09.06-14.21.58:392][247]LogMaterial: Display: Missing cached shader map for material Intro_B, compiling. 
[2019.09.06-14.21.58:404][247]LogShaderCompilers: Display: Shaders left to compile 20
[2019.09.06-14.21.58:408][247]LogMaterial: Display: Missing cached shader map for material FMatExpressionPreview MaterialExpressionTextureSample_0, compiling. 
[2019.09.06-14.21.58:437][247]LogMaterial: Display: Missing cached shader map for material Intro_B, compiling. 
[2019.09.06-14.21.58:775][281]LogShaderCompilers: Display: Shaders left to compile 20
[2019.09.06-14.21.59:337][336]LogShaderCompilers: Display: Shaders left to compile 10
[2019.09.06-14.22.00:077][408]MaterialEditorStats: Default UI Pixel Shader: 25 instructions
[2019.09.06-14.22.00:077][408]MaterialEditorStats: Default UI Vertex Shader: 17 instructions
[2019.09.06-14.22.00:077][408]MaterialEditorStats: Instanced UI Vertex Shader: 17 instructions
[2019.09.06-14.22.00:077][408]MaterialEditorStats: Texture samplers: 3/16
[2019.09.06-14.22.00:077][408]MaterialEditorStats: Texture Lookups (Est.): VS(0), PS(1)
[2019.09.06-14.22.00:077][408]MaterialEditorStats: User interpolators: 2/4 Scalars (1/4 Vectors) (TexCoords: 2, Custom: 0)
[2019.09.06-14.22.02:182][659]LogMaterialEditor: Saving and Compiling material Intro_B
[2019.09.06-14.22.02:574][659]LogMaterial: Display: Missing cached shader map for material Intro_B, compiling. 
[2019.09.06-14.22.02:598][659]LogShaderCompilers: Display: Shaders left to compile 20
[2019.09.06-14.22.02:617][659]LogMaterial: Display: Missing cached shader map for material Intro_B, compiling. 
[2019.09.06-14.22.02:634][659]LogMaterial: Display: Missing cached shader map for material Intro_B, compiling. 
[2019.09.06-14.22.02:675][659]LogUObjectHash: Compacting FUObjectHashTables data took   0.95ms
[2019.09.06-14.22.02:675][659]TextureStreamingBuild: Display: Compiling optional shaders took 0.000 seconds.
[2019.09.06-14.22.02:715][659]LogUObjectHash: Compacting FUObjectHashTables data took   1.39ms
[2019.09.06-14.22.04:917][659]LogShaderCompilers: Display: Shaders left to compile 30
[2019.09.06-14.22.04:976][659]LogSavePackage: Moving '../../../../../../D drive for Heagney/2019-SP/GAM4492/APK/HEAGNEY_PLZ_LOOK_AT/APK_Test/Ceol_02/Saved/Intro_B379974274FD306BE286A7797A2377798.tmp' to '../../../../../../D drive for Heagney/2019-SP/GAM4492/APK/HEAGNEY_PLZ_LOOK_AT/APK_Test/Ceol_02/Content/materials/Intro/Intro_B.uasset'
[2019.09.06-14.22.52:547][438]LogAssetEditorManager: Opening Asset editor for Material /Game/materials/Intro/Intro_C.Intro_C
[2019.09.06-14.22.52:550][438]LogMaterial: Display: Missing cached shader map for material Intro_C, compiling. 
[2019.09.06-14.22.52:610][438]LogMaterial: Display: Missing cached shader map for material Intro_C, compiling. 
[2019.09.06-14.22.52:621][438]LogShaderCompilers: Display: Shaders left to compile 20
[2019.09.06-14.22.52:647][438]LogMaterial: Display: Missing cached shader map for material FMatExpressionPreview MaterialExpressionTextureSample_0, compiling. 
[2019.09.06-14.22.53:473][518]LogShaderCompilers: Display: Shaders left to compile 10
[2019.09.06-14.22.54:510][636]MaterialEditorStats: Default UI Pixel Shader: 25 instructions
[2019.09.06-14.22.54:510][636]MaterialEditorStats: Default UI Vertex Shader: 17 instructions
[2019.09.06-14.22.54:510][636]MaterialEditorStats: Instanced UI Vertex Shader: 17 instructions
[2019.09.06-14.22.54:510][636]MaterialEditorStats: Texture samplers: 3/16
[2019.09.06-14.22.54:510][636]MaterialEditorStats: Texture Lookups (Est.): VS(0), PS(1)
[2019.09.06-14.22.54:510][636]MaterialEditorStats: User interpolators: 2/4 Scalars (1/4 Vectors) (TexCoords: 2, Custom: 0)
[2019.09.06-14.24.11:911][391]LogMaterial: Display: Missing cached shader map for material Intro_C, compiling. 
[2019.09.06-14.24.11:921][391]LogMaterial: Display: Missing cached shader map for material Intro_C, compiling. 
[2019.09.06-14.24.11:935][392]LogShaderCompilers: Display: Shaders left to compile 20
[2019.09.06-14.24.12:470][450]LogShaderCompilers: Display: Shaders left to compile 10
[2019.09.06-14.24.13:135][514]LogMaterial: Display: Missing cached shader map for material Intro_C, compiling. 
[2019.09.06-14.24.13:164][516]LogShaderCompilers: Display: Shaders left to compile 20
[2019.09.06-14.24.13:583][558]LogShaderCompilers: Display: Shaders left to compile 10
[2019.09.06-14.24.14:322][631]MaterialEditorStats: Default UI Pixel Shader: 25 instructions
[2019.09.06-14.24.14:322][631]MaterialEditorStats: Default UI Vertex Shader: 17 instructions
[2019.09.06-14.24.14:322][631]MaterialEditorStats: Instanced UI Vertex Shader: 17 instructions
[2019.09.06-14.24.14:323][631]MaterialEditorStats: Texture samplers: 3/16
[2019.09.06-14.24.14:323][631]MaterialEditorStats: Texture Lookups (Est.): VS(0), PS(1)
[2019.09.06-14.24.14:323][631]MaterialEditorStats: User interpolators: 2/4 Scalars (1/4 Vectors) (TexCoords: 2, Custom: 0)
[2019.09.06-14.26.07:535][608]LogMaterial: Display: Missing cached shader map for material Intro_C, compiling. 
[2019.09.06-14.26.07:548][608]LogShaderCompilers: Display: Shaders left to compile 20
[2019.09.06-14.26.07:551][608]LogMaterial: Display: Missing cached shader map for material FMatExpressionPreview MaterialExpressionTextureSample_0, compiling. 
[2019.09.06-14.26.07:581][608]LogMaterial: Display: Missing cached shader map for material Intro_C, compiling. 
[2019.09.06-14.26.07:898][639]LogShaderCompilers: Display: Shaders left to compile 20
[2019.09.06-14.26.08:477][694]LogShaderCompilers: Display: Shaders left to compile 10
[2019.09.06-14.26.09:199][758]MaterialEditorStats: Default UI Pixel Shader: 25 instructions
[2019.09.06-14.26.09:199][758]MaterialEditorStats: Default UI Vertex Shader: 17 instructions
[2019.09.06-14.26.09:199][758]MaterialEditorStats: Instanced UI Vertex Shader: 17 instructions
[2019.09.06-14.26.09:199][758]MaterialEditorStats: Texture samplers: 3/16
[2019.09.06-14.26.09:199][758]MaterialEditorStats: Texture Lookups (Est.): VS(0), PS(1)
[2019.09.06-14.26.09:199][758]MaterialEditorStats: User interpolators: 2/4 Scalars (1/4 Vectors) (TexCoords: 2, Custom: 0)
[2019.09.06-14.26.12:292][108]LogMaterial: Display: Missing cached shader map for material Intro_C, compiling. 
[2019.09.06-14.26.12:306][108]LogShaderCompilers: Display: Shaders left to compile 20
[2019.09.06-14.26.12:306][108]LogMaterial: Display: Missing cached shader map for material FMatExpressionPreview MaterialExpressionTextureSample_0, compiling. 
[2019.09.06-14.26.12:336][108]LogMaterial: Display: Missing cached shader map for material Intro_C, compiling. 
[2019.09.06-14.26.12:519][124]LogShaderCompilers: Display: Shaders left to compile 20
[2019.09.06-14.26.13:113][181]LogShaderCompilers: Display: Shaders left to compile 10
[2019.09.06-14.26.13:968][261]MaterialEditorStats: Default UI Pixel Shader: 25 instructions
[2019.09.06-14.26.13:968][261]MaterialEditorStats: Default UI Vertex Shader: 17 instructions
[2019.09.06-14.26.13:968][261]MaterialEditorStats: Instanced UI Vertex Shader: 17 instructions
[2019.09.06-14.26.13:968][261]MaterialEditorStats: Texture samplers: 3/16
[2019.09.06-14.26.13:968][261]MaterialEditorStats: Texture Lookups (Est.): VS(0), PS(1)
[2019.09.06-14.26.13:968][261]MaterialEditorStats: User interpolators: 2/4 Scalars (1/4 Vectors) (TexCoords: 2, Custom: 0)
[2019.09.06-14.26.41:477][928]LogUObjectHash: Compacting FUObjectHashTables data took   1.98ms
[2019.09.06-14.26.41:477][928]LogFileHelpers: Editor autosave (incl. sublevels) for '/Game/Maps/start' took 0.033
[2019.09.06-14.26.41:496][928]OBJ SavePackage: Generating thumbnails for [0] asset(s) in package [/Game/Widgets/Scroll_Screen] ([1] browsable assets)...
[2019.09.06-14.26.41:496][928]OBJ SavePackage: Finished generating thumbnails for package [/Game/Widgets/Scroll_Screen]
[2019.09.06-14.26.41:516][928]LogSavePackage: Moving '../../../../../../D drive for Heagney/2019-SP/GAM4492/APK/HEAGNEY_PLZ_LOOK_AT/APK_Test/Ceol_02/Saved/Scroll_Screen_Auto18D5E8A064D4B5E0156334CBEB3401C27.tmp' to '../../../../../../D drive for Heagney/2019-SP/GAM4492/APK/HEAGNEY_PLZ_LOOK_AT/APK_Test/Ceol_02/Saved/Autosaves/Game/Widgets/Scroll_Screen_Auto1.uasset'
[2019.09.06-14.26.41:517][928]LogFileHelpers: Auto-saving content packages took 0.039
[2019.09.06-14.52.13:070][866]LogFactory: FactoryCreateFile: Texture with ReimportTextureFactory (0 0 ../../../../../../D drive for Heagney/2019-SP/GAM4492/APK/HEAGNEY_PLZ_LOOK_AT/APK_Test/PHOTOSHOPPED/one_d_02.png)
[2019.09.06-14.52.13:077][866]LogTexture: Display: Building textures: one_d_02 (BGRA8, 2048X161)
[2019.09.06-14.52.16:554][273]LogUObjectHash: Compacting FUObjectHashTables data took   1.81ms
[2019.09.06-14.52.17:556][273]LogSlate: Window 'Save Content' being destroyed
[2019.09.06-14.52.17:592][273]LogSavePackage: Moving '../../../../../../D drive for Heagney/2019-SP/GAM4492/APK/HEAGNEY_PLZ_LOOK_AT/APK_Test/Ceol_02/Saved/one_d_023F10FDC04BE5EFEEF3D07293E78122F3.tmp' to '../../../../../../D drive for Heagney/2019-SP/GAM4492/APK/HEAGNEY_PLZ_LOOK_AT/APK_Test/Ceol_02/Content/Sprites/spritesheet/Intro/one_d_02.uasset'
[2019.09.06-14.52.17:619][273]LogSavePackage: Moving '../../../../../../D drive for Heagney/2019-SP/GAM4492/APK/HEAGNEY_PLZ_LOOK_AT/APK_Test/Ceol_02/Saved/Scroll_Screen316B3CAC4FDE43C6F70B1E94130EA897.tmp' to '../../../../../../D drive for Heagney/2019-SP/GAM4492/APK/HEAGNEY_PLZ_LOOK_AT/APK_Test/Ceol_02/Content/Widgets/Scroll_Screen.uasset'
[2019.09.06-14.52.23:096][800]LogMaterial: Display: Missing cached shader map for material Intro_C, compiling. 
[2019.09.06-14.52.23:106][800]LogShaderCompilers: Display: Shaders left to compile 20
[2019.09.06-14.52.23:110][800]LogMaterial: Display: Missing cached shader map for material FMatExpressionPreview MaterialExpressionTextureSample_0, compiling. 
[2019.09.06-14.52.23:139][800]LogMaterial: Display: Missing cached shader map for material Intro_C, compiling. 
[2019.09.06-14.52.23:455][830]LogShaderCompilers: Display: Shaders left to compile 20
[2019.09.06-14.52.24:034][885]LogShaderCompilers: Display: Shaders left to compile 10
[2019.09.06-14.52.24:748][954]MaterialEditorStats: Default UI Pixel Shader: 25 instructions
[2019.09.06-14.52.24:748][954]MaterialEditorStats: Default UI Vertex Shader: 17 instructions
[2019.09.06-14.52.24:748][954]MaterialEditorStats: Instanced UI Vertex Shader: 17 instructions
[2019.09.06-14.52.24:748][954]MaterialEditorStats: Texture samplers: 3/16
[2019.09.06-14.52.24:748][954]MaterialEditorStats: Texture Lookups (Est.): VS(0), PS(1)
[2019.09.06-14.52.24:748][954]MaterialEditorStats: User interpolators: 2/4 Scalars (1/4 Vectors) (TexCoords: 2, Custom: 0)
[2019.09.06-14.52.56:388][385]LogMaterial: Display: Missing cached shader map for material Intro_C, compiling. 
[2019.09.06-14.52.56:399][385]LogMaterial: Display: Missing cached shader map for material Intro_C, compiling. 
[2019.09.06-14.52.56:423][387]LogShaderCompilers: Display: Shaders left to compile 20
[2019.09.06-14.52.57:118][458]LogShaderCompilers: Display: Shaders left to compile 10
[2019.09.06-14.52.58:058][551]MaterialEditorStats: Default UI Pixel Shader: 25 instructions
[2019.09.06-14.52.58:058][551]MaterialEditorStats: Default UI Vertex Shader: 17 instructions
[2019.09.06-14.52.58:058][551]MaterialEditorStats: Instanced UI Vertex Shader: 17 instructions
[2019.09.06-14.52.58:058][551]MaterialEditorStats: Texture samplers: 3/16
[2019.09.06-14.52.58:058][551]MaterialEditorStats: Texture Lookups (Est.): VS(0), PS(1)
[2019.09.06-14.52.58:058][551]MaterialEditorStats: User interpolators: 2/4 Scalars (1/4 Vectors) (TexCoords: 2, Custom: 0)
[2019.09.06-14.53.01:177][924]LogMaterial: Display: Missing cached shader map for material Intro_C, compiling. 
[2019.09.06-14.53.01:187][924]LogMaterial: Display: Missing cached shader map for material Intro_C, compiling. 
[2019.09.06-14.53.01:202][925]LogShaderCompilers: Display: Shaders left to compile 20
[2019.09.06-14.53.01:646][972]LogShaderCompilers: Display: Shaders left to compile 10
[2019.09.06-14.53.02:447][ 54]MaterialEditorStats: Default UI Pixel Shader: 25 instructions
[2019.09.06-14.53.02:448][ 54]MaterialEditorStats: Default UI Vertex Shader: 17 instructions
[2019.09.06-14.53.02:448][ 54]MaterialEditorStats: Instanced UI Vertex Shader: 17 instructions
[2019.09.06-14.53.02:448][ 54]MaterialEditorStats: Texture samplers: 3/16
[2019.09.06-14.53.02:448][ 54]MaterialEditorStats: Texture Lookups (Est.): VS(0), PS(1)
[2019.09.06-14.53.02:448][ 54]MaterialEditorStats: User interpolators: 2/4 Scalars (1/4 Vectors) (TexCoords: 2, Custom: 0)
[2019.09.06-14.53.04:740][328]LogMaterial: Display: Missing cached shader map for material Intro_C, compiling. 
[2019.09.06-14.53.04:750][328]LogMaterial: Display: Missing cached shader map for material Intro_C, compiling. 
[2019.09.06-14.53.04:772][330]LogShaderCompilers: Display: Shaders left to compile 20
[2019.09.06-14.53.05:222][376]LogShaderCompilers: Display: Shaders left to compile 10
[2019.09.06-14.53.06:023][452]MaterialEditorStats: Default UI Pixel Shader: 25 instructions
[2019.09.06-14.53.06:023][452]MaterialEditorStats: Default UI Vertex Shader: 17 instructions
[2019.09.06-14.53.06:023][452]MaterialEditorStats: Instanced UI Vertex Shader: 17 instructions
[2019.09.06-14.53.06:023][452]MaterialEditorStats: Texture samplers: 3/16
[2019.09.06-14.53.06:023][452]MaterialEditorStats: Texture Lookups (Est.): VS(0), PS(1)
[2019.09.06-14.53.06:023][452]MaterialEditorStats: User interpolators: 2/4 Scalars (1/4 Vectors) (TexCoords: 2, Custom: 0)
[2019.09.06-14.53.08:311][723]LogMaterial: Display: Missing cached shader map for material Intro_C, compiling. 
[2019.09.06-14.53.08:332][725]LogShaderCompilers: Display: Shaders left to compile 20
[2019.09.06-14.53.08:402][733]LogMaterialEditor: Saving and Compiling material Intro_C
[2019.09.06-14.53.08:916][733]LogShaderCompilers: Display: Shaders left to compile 10
[2019.09.06-14.53.08:943][733]LogMaterial: Display: Missing cached shader map for material Intro_C, compiling. 
[2019.09.06-14.53.08:994][733]LogMaterial: Display: Missing cached shader map for material Intro_C, compiling. 
[2019.09.06-14.53.09:005][733]LogShaderCompilers: Display: Shaders left to compile 20
[2019.09.06-14.53.09:012][733]LogMaterial: Display: Missing cached shader map for material Intro_C, compiling. 
[2019.09.06-14.53.09:059][733]LogUObjectHash: Compacting FUObjectHashTables data took   2.42ms
[2019.09.06-14.53.09:059][733]TextureStreamingBuild: Display: Compiling optional shaders took 0.000 seconds.
[2019.09.06-14.53.09:094][733]LogUObjectHash: Compacting FUObjectHashTables data took   1.04ms
[2019.09.06-14.53.11:330][733]LogShaderCompilers: Display: Shaders left to compile 40
[2019.09.06-14.53.11:330][733]LogShaderCompilers: Display: Shaders left to compile 30
[2019.09.06-14.53.11:361][733]LogSavePackage: Moving '../../../../../../D drive for Heagney/2019-SP/GAM4492/APK/HEAGNEY_PLZ_LOOK_AT/APK_Test/Ceol_02/Saved/Intro_C9653AAB34E9F6D7E82CA7B8064C9D179.tmp' to '../../../../../../D drive for Heagney/2019-SP/GAM4492/APK/HEAGNEY_PLZ_LOOK_AT/APK_Test/Ceol_02/Content/materials/Intro/Intro_C.uasset'
[2019.09.06-14.53.39:946][694]LogSlate: Window 'Message' being destroyed
[2019.09.06-14.53.41:674][894]LogMaterialEditor: Saving and Compiling material Intro_A
[2019.09.06-14.53.42:068][894]LogMaterial: Display: Missing cached shader map for material Intro_A, compiling. 
[2019.09.06-14.53.42:100][894]LogShaderCompilers: Display: Shaders left to compile 20
[2019.09.06-14.53.42:107][894]LogMaterial: Display: Missing cached shader map for material Intro_A, compiling. 
[2019.09.06-14.53.42:123][894]LogMaterial: Display: Missing cached shader map for material Intro_A, compiling. 
[2019.09.06-14.53.42:173][894]LogUObjectHash: Compacting FUObjectHashTables data took   2.89ms
[2019.09.06-14.53.42:173][894]TextureStreamingBuild: Display: Compiling optional shaders took 0.000 seconds.
[2019.09.06-14.53.42:204][894]LogUObjectHash: Compacting FUObjectHashTables data took   0.70ms
[2019.09.06-14.53.44:548][894]LogShaderCompilers: Display: Shaders left to compile 30
[2019.09.06-14.53.44:580][894]LogSavePackage: Moving '../../../../../../D drive for Heagney/2019-SP/GAM4492/APK/HEAGNEY_PLZ_LOOK_AT/APK_Test/Ceol_02/Saved/Intro_AD524F00944CDA18A8A4768BBFF823D5F.tmp' to '../../../../../../D drive for Heagney/2019-SP/GAM4492/APK/HEAGNEY_PLZ_LOOK_AT/APK_Test/Ceol_02/Content/materials/Intro/Intro_A.uasset'
[2019.09.06-14.53.57:625][385]BlueprintLog: New page: Compile Scroll_Screen
[2019.09.06-14.53.57:668][385]LogUObjectHash: Compacting FUObjectHashTables data took   2.89ms
[2019.09.06-14.54.48:026][255]LogUObjectHash: Compacting FUObjectHashTables data took   2.98ms
